2021/03/21 09:56:39 disconnect(0)
2021/03/21 09:56:39 disconnect(1)
2021/03/21 09:56:39 disconnect(2)
2021/03/21 09:56:39 connect(0)
2021/03/21 09:56:39 connect(1)
2021/03/21 09:56:39 connect(2)
Test (2A): initial election ...
2021/03/21 09:56:39 [1] <Candidate> start election at term -1-
2021/03/21 09:56:39 [1] <Candidate> send Request Vote to 2 at term 1
2021/03/21 09:56:39 [1] <Candidate> send Request Vote to 0 at term 1
2021/03/21 09:56:39 [0] <Follower> RequestVote at term 0
2021/03/21 09:56:39 [0] <Follower> RequestVote term -> 1 state->Follower
2021/03/21 09:56:39 [0] <Follower> RequestVote vote for 1 at term 1
2021/03/21 09:56:39 [2] <Follower> RequestVote at term 0
2021/03/21 09:56:39 [2] <Follower> RequestVote term -> 1 state->Follower
2021/03/21 09:56:39 [2] <Follower> RequestVote vote for 1 at term 1
2021/03/21 09:56:39 [1] <Candidate> got vote 2 -> 1 at term 1
2021/03/21 09:56:39 [1] <Candidate> got vote 0 -> 1 at term 1
2021/03/21 09:56:39 [1] <Candidate> finished: 3
2021/03/21 09:56:39 [1] <Candidate> got 3 votes and became Leader at term 1
2021/03/21 09:56:39 [1] <Leader> establish its authority to 2 at term 1
2021/03/21 09:56:39 [1] <Leader> establish its authority to 0 at term 1
  ... Passed --   3.1  3   56    6950    0
2021/03/21 09:56:42 disconnect(0)
2021/03/21 09:56:42 disconnect(1)
2021/03/21 09:56:42 disconnect(2)
2021/03/21 09:56:42 connect(0)
2021/03/21 09:56:42 connect(1)
2021/03/21 09:56:42 connect(2)
Test (2A): election after network failure
 ...
2021/03/21 09:56:42 [0] <Candidate> start election at term -1-
2021/03/21 09:56:42 [0] <Candidate> send Request Vote to 2 at term 1
2021/03/21 09:56:42 [0] <Candidate> send Request Vote to 1 at term 1
2021/03/21 09:56:42 [2] <Follower> RequestVote at term 0
2021/03/21 09:56:42 [1] <Follower> RequestVote at term 0
2021/03/21 09:56:42 [1] <Follower> RequestVote term -> 1 state->Follower
2021/03/21 09:56:42 [2] <Follower> RequestVote term -> 1 state->Follower
2021/03/21 09:56:42 [2] <Follower> RequestVote vote for 0 at term 1
2021/03/21 09:56:42 [1] <Follower> RequestVote vote for 0 at term 1
2021/03/21 09:56:42 [0] <Candidate> got vote 2 -> 0 at term 1
2021/03/21 09:56:42 [0] <Candidate> got vote 1 -> 0 at term 1
2021/03/21 09:56:42 [0] <Candidate> finished: 3
2021/03/21 09:56:42 [0] <Candidate> got 3 votes and became Leader at term 1
2021/03/21 09:56:42 [0] <Leader> establish its authority to 2 at term 1
2021/03/21 09:56:42 [0] <Leader> establish its authority to 1 at term 1
2021/03/21 09:56:43 disconnect(0)
2021/03/21 09:56:43 [1] <Candidate> start election at term -2-
2021/03/21 09:56:43 [1] <Candidate> send Request Vote to 2 at term 2
2021/03/21 09:56:43 [1] <Candidate> send Request Vote to 0 at term 2
2021/03/21 09:56:43 [2] <Follower> RequestVote at term 1
2021/03/21 09:56:43 [2] <Follower> RequestVote term -> 2 state->Follower
2021/03/21 09:56:43 [2] <Follower> RequestVote vote for 1 at term 2
2021/03/21 09:56:43 [1] <Candidate> got vote 2 -> 1 at term 2
2021/03/21 09:56:43 [1] <Candidate> finished: 2
2021/03/21 09:56:43 [1] <Candidate> got 2 votes and became Leader at term 2
2021/03/21 09:56:43 [1] <Leader> establish its authority to 2 at term 2
2021/03/21 09:56:43 [1] <Leader> establish its authority to 0 at term 2
2021/03/21 09:56:43 pass: leader disconnects
2021/03/21 09:56:43 connect(0)
2021/03/21 09:56:43 [2] <Follower> AppendEntries from old leader at term 2
2021/03/21 09:56:43 [1] <Leader> AppendEntries from old leader at term 2
2021/03/21 09:56:43 [0] <Leader> callAppendEntries to 2, old leader, term -> 2, state -> Follower
2021/03/21 09:56:43 [0] <Candidate> start election at term -3-
2021/03/21 09:56:43 [0] <Candidate> send Request Vote to 2 at term 3
2021/03/21 09:56:43 [0] <Candidate> send Request Vote to 1 at term 3
2021/03/21 09:56:43 [2] <Follower> RequestVote at term 2
2021/03/21 09:56:43 [2] <Follower> RequestVote term -> 3 state->Follower
2021/03/21 09:56:43 [1] <Leader> RequestVote at term 2
2021/03/21 09:56:43 [1] <Leader> RequestVote term -> 3 state->Follower
2021/03/21 09:56:43 [1] <Follower> RequestVote vote for 0 at term 3
2021/03/21 09:56:43 [2] <Follower> RequestVote vote for 0 at term 3
2021/03/21 09:56:43 [0] <Candidate> got vote 1 -> 0 at term 3
2021/03/21 09:56:43 [0] <Candidate> finished: 2
2021/03/21 09:56:43 [0] <Candidate> got 2 votes and became Leader at term 3
2021/03/21 09:56:43 [0] <Leader> got vote 2 -> 0 at term 3
2021/03/21 09:56:43 [0] <Leader> establish its authority to 2 at term 3
2021/03/21 09:56:43 [0] <Leader> establish its authority to 1 at term 3
2021/03/21 09:56:43 pass: old leader rejoins
2021/03/21 09:56:43 disconnect(0)
2021/03/21 09:56:43 disconnect(1)
2021/03/21 09:56:44 [1] <Candidate> start election at term -4-
2021/03/21 09:56:44 [1] <Candidate> send Request Vote to 2 at term 4
2021/03/21 09:56:44 [1] <Candidate> send Request Vote to 0 at term 4
2021/03/21 09:56:44 [2] <Candidate> start election at term -4-
2021/03/21 09:56:44 [2] <Candidate> send Request Vote to 1 at term 4
2021/03/21 09:56:44 [2] <Candidate> send Request Vote to 0 at term 4
2021/03/21 09:56:45 [1] <Candidate> failed to sendRequestVote to 0 at term 2
2021/03/21 09:56:45 [1] <Candidate> didn't get a vote from 0 at term 2
2021/03/21 09:56:45 [2] <Candidate> failed to sendRequestVote to 0 at term 4
2021/03/21 09:56:45 [2] <Candidate> didn't get a vote from 0 at term 4
2021/03/21 09:56:45 pass: no quorum
2021/03/21 09:56:45 connect(1)
2021/03/21 09:56:46 [1] <Candidate> failed to sendRequestVote to 2 at term 4
2021/03/21 09:56:46 [1] <Candidate> didn't get a vote from 2 at term 4
2021/03/21 09:56:47 [1] <Candidate> failed to sendRequestVote to 0 at term 4
2021/03/21 09:56:47 [1] <Candidate> didn't get a vote from 0 at term 4
2021/03/21 09:56:47 [1] <Candidate> finished: 3
2021/03/21 09:56:47 [1] <Candidate> lose the election at term 4, state -> Follower
2021/03/21 09:56:47 [1] <Candidate> start election at term -5-
2021/03/21 09:56:47 [1] <Candidate> send Request Vote to 2 at term 5
2021/03/21 09:56:47 [1] <Candidate> send Request Vote to 0 at term 5
2021/03/21 09:56:47 [2] <Candidate> RequestVote at term 4
2021/03/21 09:56:47 [2] <Candidate> RequestVote term -> 5 state->Follower
2021/03/21 09:56:47 [2] <Follower> RequestVote vote for 1 at term 5
2021/03/21 09:56:47 [1] <Candidate> got vote 2 -> 1 at term 5
2021/03/21 09:56:47 [1] <Candidate> finished: 2
2021/03/21 09:56:47 [1] <Candidate> got 2 votes and became Leader at term 5
2021/03/21 09:56:47 [1] <Leader> establish its authority to 2 at term 5
2021/03/21 09:56:47 [1] <Leader> establish its authority to 0 at term 5
2021/03/21 09:56:47 pass:  a quorum arises
2021/03/21 09:56:47 connect(0)
2021/03/21 09:56:47 [1] <Leader> AppendEntries from old leader at term 5
2021/03/21 09:56:47 [2] <Follower> AppendEntries from old leader at term 5
2021/03/21 09:56:47 [0] <Leader> callAppendEntries to 1, old leader, term -> 5, state -> Follower
2021/03/21 09:56:47 [0] <Candidate> start election at term -6-
2021/03/21 09:56:47 [0] <Candidate> send Request Vote to 2 at term 6
2021/03/21 09:56:47 [0] <Candidate> send Request Vote to 1 at term 6
2021/03/21 09:56:47 [2] <Follower> RequestVote at term 5
2021/03/21 09:56:47 [1] <Leader> RequestVote at term 5
2021/03/21 09:56:47 [1] <Leader> RequestVote term -> 6 state->Follower
2021/03/21 09:56:47 [2] <Follower> RequestVote term -> 6 state->Follower
2021/03/21 09:56:47 [2] <Follower> RequestVote vote for 0 at term 6
2021/03/21 09:56:47 [1] <Follower> RequestVote vote for 0 at term 6
2021/03/21 09:56:47 [0] <Candidate> got vote 2 -> 0 at term 6
2021/03/21 09:56:47 [0] <Candidate> got vote 1 -> 0 at term 6
2021/03/21 09:56:47 [0] <Candidate> finished: 3
2021/03/21 09:56:47 [0] <Candidate> got 3 votes and became Leader at term 6
2021/03/21 09:56:47 [0] <Leader> establish its authority to 2 at term 6
2021/03/21 09:56:47 [0] <Leader> establish its authority to 1 at term 6
2021/03/21 09:56:47 [1] <Follower> failed to establish its authority to 0 at term 2
  ... Passed --   5.4  3  122    9796    0
PASS
ok  	_/Users/cage/workspace/My6.824/src/raft	9.229s
