2021/03/21 09:58:13 disconnect(0)
2021/03/21 09:58:13 disconnect(1)
2021/03/21 09:58:13 disconnect(2)
2021/03/21 09:58:13 connect(0)
2021/03/21 09:58:13 connect(1)
2021/03/21 09:58:13 connect(2)
Test (2A): initial election ...
2021/03/21 09:58:14 [0] <Candidate> start election at term -1-
2021/03/21 09:58:14 [0] <Candidate> send Request Vote to 2 at term 1
2021/03/21 09:58:14 [0] <Candidate> send Request Vote to 1 at term 1
2021/03/21 09:58:14 [2] <Follower> RequestVote at term 0
2021/03/21 09:58:14 [2] <Follower> RequestVote term -> 1 state->Follower
2021/03/21 09:58:14 [2] <Follower> RequestVote vote for 0 at term 1
2021/03/21 09:58:14 [1] <Follower> RequestVote at term 0
2021/03/21 09:58:14 [1] <Follower> RequestVote term -> 1 state->Follower
2021/03/21 09:58:14 [1] <Follower> RequestVote vote for 0 at term 1
2021/03/21 09:58:14 [0] <Candidate> got vote 2 -> 0 at term 1
2021/03/21 09:58:14 [0] <Candidate> finished: 2
2021/03/21 09:58:14 [0] <Candidate> got 2 votes and became Leader at term 1
2021/03/21 09:58:14 [0] <Leader> got vote 1 -> 0 at term 1
2021/03/21 09:58:14 [0] <Leader> establish its authority to 2 at term 1
2021/03/21 09:58:14 [0] <Leader> establish its authority to 1 at term 1
  ... Passed --   3.1  3   54    6594    0
2021/03/21 09:58:17 disconnect(0)
2021/03/21 09:58:17 disconnect(1)
2021/03/21 09:58:17 disconnect(2)
2021/03/21 09:58:17 connect(0)
2021/03/21 09:58:17 connect(1)
2021/03/21 09:58:17 connect(2)
Test (2A): election after network failure
 ...
2021/03/21 09:58:17 [2] <Candidate> start election at term -1-
2021/03/21 09:58:17 [2] <Candidate> send Request Vote to 1 at term 1
2021/03/21 09:58:17 [2] <Candidate> send Request Vote to 0 at term 1
2021/03/21 09:58:17 [1] <Follower> RequestVote at term 0
2021/03/21 09:58:17 [1] <Follower> RequestVote term -> 1 state->Follower
2021/03/21 09:58:17 [1] <Follower> RequestVote vote for 2 at term 1
2021/03/21 09:58:17 [0] <Follower> RequestVote at term 0
2021/03/21 09:58:17 [0] <Follower> RequestVote term -> 1 state->Follower
2021/03/21 09:58:17 [0] <Follower> RequestVote vote for 2 at term 1
2021/03/21 09:58:17 [2] <Candidate> got vote 1 -> 2 at term 1
2021/03/21 09:58:17 [2] <Candidate> finished: 2
2021/03/21 09:58:17 [2] <Candidate> got 2 votes and became Leader at term 1
2021/03/21 09:58:17 [2] <Leader> establish its authority to 1 at term 1
2021/03/21 09:58:17 [2] <Leader> establish its authority to 0 at term 1
2021/03/21 09:58:17 [2] <Leader> got vote 0 -> 2 at term 1
2021/03/21 09:58:17 disconnect(2)
2021/03/21 09:58:17 [0] <Candidate> start election at term -2-
2021/03/21 09:58:17 [0] <Candidate> send Request Vote to 2 at term 2
2021/03/21 09:58:17 [0] <Candidate> send Request Vote to 1 at term 2
2021/03/21 09:58:17 [1] <Follower> RequestVote at term 1
2021/03/21 09:58:17 [1] <Follower> RequestVote term -> 2 state->Follower
2021/03/21 09:58:17 [1] <Follower> RequestVote vote for 0 at term 2
2021/03/21 09:58:17 [0] <Candidate> got vote 1 -> 0 at term 2
2021/03/21 09:58:17 [0] <Candidate> finished: 2
2021/03/21 09:58:17 [0] <Candidate> got 2 votes and became Leader at term 2
2021/03/21 09:58:17 [0] <Leader> establish its authority to 2 at term 2
2021/03/21 09:58:17 [0] <Leader> establish its authority to 1 at term 2
2021/03/21 09:58:17 [0] <Leader> failed to sendRequestVote to 2 at term 2
2021/03/21 09:58:17 [0] <Leader> didn't get a vote from 2 at term 2
2021/03/21 09:58:17 pass: leader disconnects
2021/03/21 09:58:17 connect(2)
2021/03/21 09:58:17 [2] <Leader> AppendEntries term -> 2
2021/03/21 09:58:17 [2] <Leader> AppendEntries state -> Follower
2021/03/21 09:58:17 [0] <Leader> AppendEntries from old leader at term 2
2021/03/21 09:58:17 [1] <Follower> AppendEntries from old leader at term 2
2021/03/21 09:58:18 pass: old leader rejoins
2021/03/21 09:58:18 disconnect(0)
2021/03/21 09:58:18 disconnect(1)
2021/03/21 09:58:18 [1] <Candidate> start election at term -3-
2021/03/21 09:58:18 [1] <Candidate> send Request Vote to 2 at term 3
2021/03/21 09:58:18 [1] <Candidate> send Request Vote to 0 at term 3
2021/03/21 09:58:18 [2] <Candidate> start election at term -3-
2021/03/21 09:58:18 [2] <Candidate> send Request Vote to 1 at term 3
2021/03/21 09:58:18 [2] <Candidate> send Request Vote to 0 at term 3
2021/03/21 09:58:19 [1] <Candidate> failed to sendRequestVote to 2 at term 3
2021/03/21 09:58:19 [1] <Candidate> didn't get a vote from 2 at term 3
2021/03/21 09:58:19 [2] <Candidate> failed to sendRequestVote to 0 at term 3
2021/03/21 09:58:19 [2] <Candidate> didn't get a vote from 0 at term 3
2021/03/21 09:58:19 [1] <Candidate> failed to sendRequestVote to 0 at term 3
2021/03/21 09:58:19 [1] <Candidate> didn't get a vote from 0 at term 3
2021/03/21 09:58:19 [1] <Candidate> finished: 3
2021/03/21 09:58:19 [1] <Candidate> lose the election at term 3, state -> Follower
2021/03/21 09:58:19 [1] <Candidate> start election at term -4-
2021/03/21 09:58:19 [1] <Candidate> send Request Vote to 2 at term 4
2021/03/21 09:58:19 [1] <Candidate> send Request Vote to 0 at term 4
2021/03/21 09:58:20 [2] <Candidate> failed to sendRequestVote to 1 at term 3
2021/03/21 09:58:20 [2] <Candidate> didn't get a vote from 1 at term 3
2021/03/21 09:58:20 [2] <Candidate> finished: 3
2021/03/21 09:58:20 [2] <Candidate> lose the election at term 3, state -> Follower
2021/03/21 09:58:20 [2] <Candidate> start election at term -4-
2021/03/21 09:58:20 [2] <Candidate> send Request Vote to 1 at term 4
2021/03/21 09:58:20 [2] <Candidate> send Request Vote to 0 at term 4
2021/03/21 09:58:20 pass: no quorum
2021/03/21 09:58:20 connect(1)
2021/03/21 09:58:21 [1] <Candidate> failed to sendRequestVote to 2 at term 4
2021/03/21 09:58:21 [1] <Candidate> didn't get a vote from 2 at term 4
2021/03/21 09:58:21 [1] <Candidate> failed to sendRequestVote to 0 at term 4
2021/03/21 09:58:21 [1] <Candidate> didn't get a vote from 0 at term 4
2021/03/21 09:58:21 [1] <Candidate> finished: 3
2021/03/21 09:58:21 [1] <Candidate> lose the election at term 4, state -> Follower
2021/03/21 09:58:21 [1] <Candidate> start election at term -5-
2021/03/21 09:58:21 [1] <Candidate> send Request Vote to 2 at term 5
2021/03/21 09:58:21 [1] <Candidate> send Request Vote to 0 at term 5
2021/03/21 09:58:21 [2] <Candidate> RequestVote at term 4
2021/03/21 09:58:21 [2] <Candidate> RequestVote term -> 5 state->Follower
2021/03/21 09:58:21 [2] <Follower> RequestVote vote for 1 at term 5
2021/03/21 09:58:21 [1] <Candidate> got vote 2 -> 1 at term 5
2021/03/21 09:58:21 [1] <Candidate> finished: 2
2021/03/21 09:58:21 [1] <Candidate> got 2 votes and became Leader at term 5
2021/03/21 09:58:21 [1] <Leader> establish its authority to 2 at term 5
2021/03/21 09:58:21 [1] <Leader> establish its authority to 0 at term 5
2021/03/21 09:58:22 pass:  a quorum arises
2021/03/21 09:58:22 connect(0)
2021/03/21 09:58:22 [1] <Leader> AppendEntries from old leader at term 5
2021/03/21 09:58:22 [2] <Follower> AppendEntries from old leader at term 5
2021/03/21 09:58:22 [0] <Leader> callAppendEntries to 1, old leader, term -> 5, state -> Follower
2021/03/21 09:58:22 [0] <Candidate> start election at term -6-
2021/03/21 09:58:22 [0] <Candidate> send Request Vote to 2 at term 6
2021/03/21 09:58:22 [0] <Candidate> send Request Vote to 1 at term 6
2021/03/21 09:58:22 [2] <Follower> RequestVote at term 5
2021/03/21 09:58:22 [1] <Leader> RequestVote at term 5
2021/03/21 09:58:22 [1] <Leader> RequestVote term -> 6 state->Follower
2021/03/21 09:58:22 [1] <Follower> RequestVote vote for 0 at term 6
2021/03/21 09:58:22 [2] <Follower> RequestVote term -> 6 state->Follower
2021/03/21 09:58:22 [2] <Follower> RequestVote vote for 0 at term 6
2021/03/21 09:58:22 [0] <Candidate> got vote 1 -> 0 at term 6
2021/03/21 09:58:22 [0] <Candidate> finished: 2
2021/03/21 09:58:22 [0] <Candidate> got 2 votes and became Leader at term 6
2021/03/21 09:58:22 [0] <Leader> got vote 2 -> 0 at term 6
2021/03/21 09:58:22 [0] <Leader> establish its authority to 2 at term 6
2021/03/21 09:58:22 [0] <Leader> establish its authority to 1 at term 6
2021/03/21 09:58:22 [0] <Leader> failed to establish its authority to 2 at term 2
  ... Passed --   5.9  3  140   11034    0
PASS
ok  	_/Users/cage/workspace/My6.824/src/raft	9.186s
