2021/03/21 09:58:43 disconnect(0)
2021/03/21 09:58:43 disconnect(1)
2021/03/21 09:58:43 disconnect(2)
2021/03/21 09:58:43 connect(0)
2021/03/21 09:58:43 connect(1)
2021/03/21 09:58:43 connect(2)
Test (2A): initial election ...
2021/03/21 09:58:44 [2] <Candidate> start election at term -1-
2021/03/21 09:58:44 [2] <Candidate> send Request Vote to 1 at term 1
2021/03/21 09:58:44 [2] <Candidate> send Request Vote to 0 at term 1
2021/03/21 09:58:44 [1] <Follower> RequestVote at term 0
2021/03/21 09:58:44 [1] <Follower> RequestVote term -> 1 state->Follower
2021/03/21 09:58:44 [1] <Follower> RequestVote vote for 2 at term 1
2021/03/21 09:58:44 [0] <Follower> RequestVote at term 0
2021/03/21 09:58:44 [0] <Follower> RequestVote term -> 1 state->Follower
2021/03/21 09:58:44 [0] <Follower> RequestVote vote for 2 at term 1
2021/03/21 09:58:44 [2] <Candidate> got vote 1 -> 2 at term 1
2021/03/21 09:58:44 [2] <Candidate> finished: 2
2021/03/21 09:58:44 [2] <Candidate> got 2 votes and became Leader at term 1
2021/03/21 09:58:44 [2] <Leader> establish its authority to 1 at term 1
2021/03/21 09:58:44 [2] <Leader> got vote 0 -> 2 at term 1
2021/03/21 09:58:44 [2] <Leader> establish its authority to 0 at term 1
  ... Passed --   3.1  3   56    6950    0
2021/03/21 09:58:46 disconnect(0)
2021/03/21 09:58:46 disconnect(1)
2021/03/21 09:58:46 disconnect(2)
2021/03/21 09:58:46 connect(0)
2021/03/21 09:58:46 connect(1)
2021/03/21 09:58:46 connect(2)
Test (2A): election after network failure
 ...
2021/03/21 09:58:47 [0] <Candidate> start election at term -1-
2021/03/21 09:58:47 [0] <Candidate> send Request Vote to 2 at term 1
2021/03/21 09:58:47 [0] <Candidate> send Request Vote to 1 at term 1
2021/03/21 09:58:47 [2] <Follower> RequestVote at term 0
2021/03/21 09:58:47 [2] <Follower> RequestVote term -> 1 state->Follower
2021/03/21 09:58:47 [2] <Follower> RequestVote vote for 0 at term 1
2021/03/21 09:58:47 [1] <Follower> RequestVote at term 0
2021/03/21 09:58:47 [1] <Follower> RequestVote term -> 1 state->Follower
2021/03/21 09:58:47 [1] <Follower> RequestVote vote for 0 at term 1
2021/03/21 09:58:47 [0] <Candidate> got vote 2 -> 0 at term 1
2021/03/21 09:58:47 [0] <Candidate> finished: 2
2021/03/21 09:58:47 [0] <Candidate> got 2 votes and became Leader at term 1
2021/03/21 09:58:47 [0] <Leader> establish its authority to 2 at term 1
2021/03/21 09:58:47 [0] <Leader> got vote 1 -> 0 at term 1
2021/03/21 09:58:47 [0] <Leader> establish its authority to 1 at term 1
2021/03/21 09:58:47 disconnect(0)
2021/03/21 09:58:47 [2] <Candidate> start election at term -2-
2021/03/21 09:58:47 [2] <Candidate> send Request Vote to 1 at term 2
2021/03/21 09:58:47 [2] <Candidate> send Request Vote to 0 at term 2
2021/03/21 09:58:47 [1] <Follower> RequestVote at term 1
2021/03/21 09:58:47 [1] <Follower> RequestVote term -> 2 state->Follower
2021/03/21 09:58:47 [1] <Follower> RequestVote vote for 2 at term 2
2021/03/21 09:58:47 [2] <Candidate> got vote 1 -> 2 at term 2
2021/03/21 09:58:47 [2] <Candidate> finished: 2
2021/03/21 09:58:47 [2] <Candidate> got 2 votes and became Leader at term 2
2021/03/21 09:58:47 [2] <Leader> establish its authority to 1 at term 2
2021/03/21 09:58:47 [2] <Leader> establish its authority to 0 at term 2
2021/03/21 09:58:47 pass: leader disconnects
2021/03/21 09:58:47 connect(0)
2021/03/21 09:58:47 [1] <Follower> AppendEntries from old leader at term 2
2021/03/21 09:58:47 [2] <Leader> AppendEntries from old leader at term 2
2021/03/21 09:58:47 [0] <Leader> callAppendEntries to 1, old leader, term -> 2, state -> Follower
2021/03/21 09:58:47 [0] <Candidate> start election at term -3-
2021/03/21 09:58:47 [0] <Candidate> send Request Vote to 2 at term 3
2021/03/21 09:58:47 [0] <Candidate> send Request Vote to 1 at term 3
2021/03/21 09:58:47 [1] <Follower> RequestVote at term 2
2021/03/21 09:58:47 [1] <Follower> RequestVote term -> 3 state->Follower
2021/03/21 09:58:47 [1] <Follower> RequestVote vote for 0 at term 3
2021/03/21 09:58:47 [2] <Leader> RequestVote at term 2
2021/03/21 09:58:47 [2] <Leader> RequestVote term -> 3 state->Follower
2021/03/21 09:58:47 [2] <Follower> RequestVote vote for 0 at term 3
2021/03/21 09:58:47 [0] <Candidate> got vote 1 -> 0 at term 3
2021/03/21 09:58:47 [0] <Candidate> finished: 2
2021/03/21 09:58:47 [0] <Candidate> got 2 votes and became Leader at term 3
2021/03/21 09:58:47 [0] <Leader> establish its authority to 2 at term 3
2021/03/21 09:58:47 [0] <Leader> establish its authority to 1 at term 3
2021/03/21 09:58:47 [0] <Leader> got vote 2 -> 0 at term 3
2021/03/21 09:58:48 pass: old leader rejoins
2021/03/21 09:58:48 disconnect(0)
2021/03/21 09:58:48 disconnect(1)
2021/03/21 09:58:48 [2] <Candidate> start election at term -4-
2021/03/21 09:58:48 [2] <Candidate> send Request Vote to 1 at term 4
2021/03/21 09:58:48 [2] <Candidate> send Request Vote to 0 at term 4
2021/03/21 09:58:48 [1] <Candidate> start election at term -4-
2021/03/21 09:58:48 [1] <Candidate> send Request Vote to 2 at term 4
2021/03/21 09:58:48 [1] <Candidate> send Request Vote to 0 at term 4
2021/03/21 09:58:50 pass: no quorum
2021/03/21 09:58:50 connect(1)
2021/03/21 09:58:50 [2] <Candidate> failed to sendRequestVote to 0 at term 4
2021/03/21 09:58:50 [2] <Candidate> didn't get a vote from 0 at term 4
2021/03/21 09:58:51 [1] <Candidate> failed to sendRequestVote to 2 at term 4
2021/03/21 09:58:51 [1] <Candidate> didn't get a vote from 2 at term 4
2021/03/21 09:58:51 [2] <Candidate> failed to establish its authority to 0 at term 2
2021/03/21 09:58:53 [2] <Candidate> failed to sendRequestVote to 0 at term 2
2021/03/21 09:58:53 [2] <Candidate> didn't get a vote from 0 at term 2
2021/03/21 09:58:53 [2] <Candidate> failed to sendRequestVote to 1 at term 4
2021/03/21 09:58:53 [2] <Candidate> didn't get a vote from 1 at term 4
2021/03/21 09:58:53 [2] <Candidate> finished: 3
2021/03/21 09:58:53 [2] <Candidate> lose the election at term 4, state -> Follower
2021/03/21 09:58:53 [2] <Candidate> start election at term -5-
2021/03/21 09:58:53 [2] <Candidate> send Request Vote to 1 at term 5
2021/03/21 09:58:53 [2] <Candidate> send Request Vote to 0 at term 5
2021/03/21 09:58:53 [1] <Candidate> RequestVote at term 4
2021/03/21 09:58:53 [1] <Candidate> RequestVote term -> 5 state->Follower
2021/03/21 09:58:53 [1] <Follower> RequestVote vote for 2 at term 5
2021/03/21 09:58:53 [2] <Candidate> got vote 1 -> 2 at term 5
2021/03/21 09:58:53 [2] <Candidate> finished: 2
2021/03/21 09:58:53 [2] <Candidate> got 2 votes and became Leader at term 5
2021/03/21 09:58:53 [2] <Leader> establish its authority to 1 at term 5
2021/03/21 09:58:53 [2] <Leader> establish its authority to 0 at term 5
2021/03/21 09:58:53 pass:  a quorum arises
2021/03/21 09:58:53 connect(0)
2021/03/21 09:58:53 [1] <Follower> AppendEntries from old leader at term 5
2021/03/21 09:58:53 [2] <Leader> AppendEntries from old leader at term 5
2021/03/21 09:58:53 [0] <Leader> callAppendEntries to 1, old leader, term -> 5, state -> Follower
2021/03/21 09:58:53 [0] <Candidate> start election at term -6-
2021/03/21 09:58:53 [0] <Candidate> send Request Vote to 2 at term 6
2021/03/21 09:58:53 [0] <Candidate> send Request Vote to 1 at term 6
2021/03/21 09:58:53 [2] <Leader> RequestVote at term 5
2021/03/21 09:58:53 [2] <Leader> RequestVote term -> 6 state->Follower
2021/03/21 09:58:53 [0] <Candidate> AppendEntries from old leader at term 6
2021/03/21 09:58:53 [1] <Follower> RequestVote at term 5
2021/03/21 09:58:53 [1] <Follower> RequestVote term -> 6 state->Follower
2021/03/21 09:58:53 [1] <Follower> RequestVote vote for 0 at term 6
2021/03/21 09:58:53 [2] <Follower> RequestVote vote for 0 at term 6
2021/03/21 09:58:53 [0] <Candidate> got vote 1 -> 0 at term 6
2021/03/21 09:58:53 [0] <Candidate> finished: 2
2021/03/21 09:58:53 [0] <Candidate> got 2 votes and became Leader at term 6
2021/03/21 09:58:53 [0] <Leader> got vote 2 -> 0 at term 6
2021/03/21 09:58:53 [0] <Leader> establish its authority to 2 at term 6
2021/03/21 09:58:53 [0] <Leader> establish its authority to 1 at term 6
2021/03/21 09:58:54 [2] <Follower> failed to sendRequestVote to 0 at term 5
2021/03/21 09:58:54 [2] <Follower> didn't get a vote from 0 at term 5
  ... Passed --   7.4  3  164   12566    0
PASS
ok  	_/Users/cage/workspace/My6.824/src/raft	10.748s
