2021/03/21 09:59:23 disconnect(0)
2021/03/21 09:59:23 disconnect(1)
2021/03/21 09:59:23 disconnect(2)
2021/03/21 09:59:23 connect(0)
2021/03/21 09:59:23 connect(1)
2021/03/21 09:59:23 connect(2)
Test (2A): initial election ...
2021/03/21 09:59:24 [1] <Candidate> start election at term -1-
2021/03/21 09:59:24 [1] <Candidate> send Request Vote to 2 at term 1
2021/03/21 09:59:24 [1] <Candidate> send Request Vote to 0 at term 1
2021/03/21 09:59:24 [2] <Follower> RequestVote at term 0
2021/03/21 09:59:24 [2] <Follower> RequestVote term -> 1 state->Follower
2021/03/21 09:59:24 [2] <Follower> RequestVote vote for 1 at term 1
2021/03/21 09:59:24 [0] <Follower> RequestVote at term 0
2021/03/21 09:59:24 [0] <Follower> RequestVote term -> 1 state->Follower
2021/03/21 09:59:24 [0] <Follower> RequestVote vote for 1 at term 1
2021/03/21 09:59:24 [1] <Candidate> got vote 2 -> 1 at term 1
2021/03/21 09:59:24 [1] <Candidate> got vote 0 -> 1 at term 1
2021/03/21 09:59:24 [1] <Candidate> finished: 3
2021/03/21 09:59:24 [1] <Candidate> got 3 votes and became Leader at term 1
2021/03/21 09:59:24 [1] <Leader> establish its authority to 2 at term 1
2021/03/21 09:59:24 [1] <Leader> establish its authority to 0 at term 1
  ... Passed --   3.1  3   56    6950    0
2021/03/21 09:59:26 disconnect(0)
2021/03/21 09:59:26 disconnect(1)
2021/03/21 09:59:26 disconnect(2)
2021/03/21 09:59:26 connect(0)
2021/03/21 09:59:26 connect(1)
2021/03/21 09:59:26 connect(2)
Test (2A): election after network failure
 ...
2021/03/21 09:59:27 [2] <Candidate> start election at term -1-
2021/03/21 09:59:27 [2] <Candidate> send Request Vote to 1 at term 1
2021/03/21 09:59:27 [2] <Candidate> send Request Vote to 0 at term 1
2021/03/21 09:59:27 [1] <Follower> RequestVote at term 0
2021/03/21 09:59:27 [1] <Follower> RequestVote term -> 1 state->Follower
2021/03/21 09:59:27 [1] <Follower> RequestVote vote for 2 at term 1
2021/03/21 09:59:27 [0] <Follower> RequestVote at term 0
2021/03/21 09:59:27 [0] <Follower> RequestVote term -> 1 state->Follower
2021/03/21 09:59:27 [2] <Candidate> got vote 1 -> 2 at term 1
2021/03/21 09:59:27 [2] <Candidate> finished: 2
2021/03/21 09:59:27 [0] <Follower> RequestVote vote for 2 at term 1
2021/03/21 09:59:27 [2] <Candidate> got 2 votes and became Leader at term 1
2021/03/21 09:59:27 [2] <Leader> establish its authority to 1 at term 1
2021/03/21 09:59:27 [2] <Leader> establish its authority to 0 at term 1
2021/03/21 09:59:27 [2] <Leader> got vote 0 -> 2 at term 1
2021/03/21 09:59:27 disconnect(2)
2021/03/21 09:59:27 [0] <Candidate> start election at term -2-
2021/03/21 09:59:27 [0] <Candidate> send Request Vote to 2 at term 2
2021/03/21 09:59:27 [0] <Candidate> send Request Vote to 1 at term 2
2021/03/21 09:59:27 [1] <Follower> RequestVote at term 1
2021/03/21 09:59:27 [1] <Follower> RequestVote term -> 2 state->Follower
2021/03/21 09:59:27 [1] <Follower> RequestVote vote for 0 at term 2
2021/03/21 09:59:27 [0] <Candidate> got vote 1 -> 0 at term 2
2021/03/21 09:59:27 [0] <Candidate> finished: 2
2021/03/21 09:59:27 [0] <Candidate> got 2 votes and became Leader at term 2
2021/03/21 09:59:27 [0] <Leader> establish its authority to 2 at term 2
2021/03/21 09:59:27 [0] <Leader> establish its authority to 1 at term 2
2021/03/21 09:59:27 pass: leader disconnects
2021/03/21 09:59:27 connect(2)
2021/03/21 09:59:27 [2] <Leader> AppendEntries term -> 2
2021/03/21 09:59:27 [2] <Leader> AppendEntries state -> Follower
2021/03/21 09:59:28 pass: old leader rejoins
2021/03/21 09:59:28 disconnect(0)
2021/03/21 09:59:28 disconnect(1)
2021/03/21 09:59:28 [2] <Candidate> start election at term -3-
2021/03/21 09:59:28 [2] <Candidate> send Request Vote to 1 at term 3
2021/03/21 09:59:28 [2] <Candidate> send Request Vote to 0 at term 3
2021/03/21 09:59:28 [1] <Candidate> start election at term -3-
2021/03/21 09:59:28 [1] <Candidate> send Request Vote to 2 at term 3
2021/03/21 09:59:28 [1] <Candidate> send Request Vote to 0 at term 3
2021/03/21 09:59:28 [2] <Candidate> failed to sendRequestVote to 1 at term 3
2021/03/21 09:59:28 [2] <Candidate> didn't get a vote from 1 at term 3
2021/03/21 09:59:29 [0] <Leader> failed to sendRequestVote to 2 at term 2
2021/03/21 09:59:29 [0] <Leader> didn't get a vote from 2 at term 2
2021/03/21 09:59:30 [0] <Leader> failed to establish its authority to 2 at term 2
2021/03/21 09:59:30 pass: no quorum
2021/03/21 09:59:30 connect(1)
2021/03/21 09:59:32 [2] <Candidate> failed to sendRequestVote to 0 at term 3
2021/03/21 09:59:32 [2] <Candidate> didn't get a vote from 0 at term 3
2021/03/21 09:59:32 [2] <Candidate> finished: 3
2021/03/21 09:59:32 [2] <Candidate> lose the election at term 3, state -> Follower
2021/03/21 09:59:32 [2] <Candidate> start election at term -4-
2021/03/21 09:59:32 [2] <Candidate> send Request Vote to 1 at term 4
2021/03/21 09:59:32 [2] <Candidate> send Request Vote to 0 at term 4
2021/03/21 09:59:32 [1] <Candidate> RequestVote at term 3
2021/03/21 09:59:32 [1] <Candidate> RequestVote term -> 4 state->Follower
2021/03/21 09:59:32 [1] <Follower> RequestVote vote for 2 at term 4
2021/03/21 09:59:32 [2] <Candidate> got vote 1 -> 2 at term 4
2021/03/21 09:59:32 [2] <Candidate> finished: 2
2021/03/21 09:59:32 [2] <Candidate> got 2 votes and became Leader at term 4
2021/03/21 09:59:32 [2] <Leader> establish its authority to 1 at term 4
2021/03/21 09:59:32 [2] <Leader> establish its authority to 0 at term 4
2021/03/21 09:59:32 pass:  a quorum arises
2021/03/21 09:59:32 connect(0)
2021/03/21 09:59:32 [0] <Leader> AppendEntries term -> 4
2021/03/21 09:59:32 [0] <Leader> AppendEntries state -> Follower
2021/03/21 09:59:33 [1] <Follower> failed to sendRequestVote to 0 at term 3
2021/03/21 09:59:33 [1] <Follower> didn't get a vote from 0 at term 3
  ... Passed --   6.4  3  132    9990    0
PASS
ok  	_/Users/cage/workspace/My6.824/src/raft	9.770s
