2021/03/21 09:56:48 disconnect(0)
2021/03/21 09:56:48 disconnect(1)
2021/03/21 09:56:48 disconnect(2)
2021/03/21 09:56:48 connect(0)
2021/03/21 09:56:48 connect(1)
2021/03/21 09:56:48 connect(2)
Test (2A): initial election ...
2021/03/21 09:56:48 [0] <Candidate> start election at term -1-
2021/03/21 09:56:48 [0] <Candidate> send Request Vote to 2 at term 1
2021/03/21 09:56:48 [0] <Candidate> send Request Vote to 1 at term 1
2021/03/21 09:56:48 [1] <Follower> RequestVote at term 0
2021/03/21 09:56:48 [1] <Follower> RequestVote term -> 1 state->Follower
2021/03/21 09:56:48 [2] <Follower> RequestVote at term 0
2021/03/21 09:56:48 [2] <Follower> RequestVote term -> 1 state->Follower
2021/03/21 09:56:48 [2] <Follower> RequestVote vote for 0 at term 1
2021/03/21 09:56:48 [1] <Follower> RequestVote vote for 0 at term 1
2021/03/21 09:56:48 [0] <Candidate> got vote 2 -> 0 at term 1
2021/03/21 09:56:48 [0] <Candidate> finished: 2
2021/03/21 09:56:48 [0] <Candidate> got 2 votes and became Leader at term 1
2021/03/21 09:56:48 [0] <Leader> establish its authority to 2 at term 1
2021/03/21 09:56:48 [0] <Leader> establish its authority to 1 at term 1
2021/03/21 09:56:48 [0] <Leader> got vote 1 -> 0 at term 1
  ... Passed --   3.1  3   56    6838    0
2021/03/21 09:56:51 disconnect(0)
2021/03/21 09:56:51 disconnect(1)
2021/03/21 09:56:51 disconnect(2)
2021/03/21 09:56:51 connect(0)
2021/03/21 09:56:51 connect(1)
2021/03/21 09:56:51 connect(2)
Test (2A): election after network failure
 ...
2021/03/21 09:56:51 [0] <Candidate> start election at term -1-
2021/03/21 09:56:51 [0] <Candidate> send Request Vote to 2 at term 1
2021/03/21 09:56:51 [0] <Candidate> send Request Vote to 1 at term 1
2021/03/21 09:56:51 [2] <Follower> RequestVote at term 0
2021/03/21 09:56:51 [2] <Follower> RequestVote term -> 1 state->Follower
2021/03/21 09:56:51 [2] <Follower> RequestVote vote for 0 at term 1
2021/03/21 09:56:51 [1] <Follower> RequestVote at term 0
2021/03/21 09:56:51 [1] <Follower> RequestVote term -> 1 state->Follower
2021/03/21 09:56:51 [1] <Follower> RequestVote vote for 0 at term 1
2021/03/21 09:56:51 [0] <Candidate> got vote 2 -> 0 at term 1
2021/03/21 09:56:51 [0] <Candidate> finished: 2
2021/03/21 09:56:51 [0] <Candidate> got 2 votes and became Leader at term 1
2021/03/21 09:56:51 [0] <Leader> got vote 1 -> 0 at term 1
2021/03/21 09:56:51 [0] <Leader> establish its authority to 2 at term 1
2021/03/21 09:56:51 [0] <Leader> establish its authority to 1 at term 1
2021/03/21 09:56:51 disconnect(0)
2021/03/21 09:56:52 [1] <Candidate> start election at term -2-
2021/03/21 09:56:52 [1] <Candidate> send Request Vote to 2 at term 2
2021/03/21 09:56:52 [1] <Candidate> send Request Vote to 0 at term 2
2021/03/21 09:56:52 [2] <Follower> RequestVote at term 1
2021/03/21 09:56:52 [2] <Follower> RequestVote term -> 2 state->Follower
2021/03/21 09:56:52 [2] <Follower> RequestVote vote for 1 at term 2
2021/03/21 09:56:52 [1] <Candidate> got vote 2 -> 1 at term 2
2021/03/21 09:56:52 [1] <Candidate> finished: 2
2021/03/21 09:56:52 [1] <Candidate> got 2 votes and became Leader at term 2
2021/03/21 09:56:52 [1] <Leader> establish its authority to 2 at term 2
2021/03/21 09:56:52 [1] <Leader> establish its authority to 0 at term 2
2021/03/21 09:56:52 [1] <Leader> failed to establish its authority to 0 at term 2
2021/03/21 09:56:52 pass: leader disconnects
2021/03/21 09:56:52 connect(0)
2021/03/21 09:56:52 [0] <Leader> AppendEntries term -> 2
2021/03/21 09:56:52 [0] <Leader> AppendEntries state -> Follower
2021/03/21 09:56:52 pass: old leader rejoins
2021/03/21 09:56:52 disconnect(1)
2021/03/21 09:56:52 disconnect(2)
2021/03/21 09:56:53 [0] <Candidate> start election at term -3-
2021/03/21 09:56:53 [0] <Candidate> send Request Vote to 2 at term 3
2021/03/21 09:56:53 [0] <Candidate> send Request Vote to 1 at term 3
2021/03/21 09:56:53 [2] <Candidate> start election at term -3-
2021/03/21 09:56:53 [2] <Candidate> send Request Vote to 0 at term 3
2021/03/21 09:56:53 [2] <Candidate> send Request Vote to 1 at term 3
2021/03/21 09:56:54 [0] <Candidate> failed to sendRequestVote to 2 at term 3
2021/03/21 09:56:54 [0] <Candidate> didn't get a vote from 2 at term 3
2021/03/21 09:56:54 pass: no quorum
2021/03/21 09:56:54 connect(2)
2021/03/21 09:56:56 [1] <Leader> failed to sendRequestVote to 0 at term 2
2021/03/21 09:56:56 [1] <Leader> didn't get a vote from 0 at term 2
2021/03/21 09:56:57 [2] <Candidate> failed to sendRequestVote to 1 at term 3
2021/03/21 09:56:57 [2] <Candidate> didn't get a vote from 1 at term 3
2021/03/21 09:56:58 [2] <Candidate> failed to sendRequestVote to 0 at term 3
2021/03/21 09:56:58 [2] <Candidate> didn't get a vote from 0 at term 3
2021/03/21 09:56:58 [2] <Candidate> finished: 3
2021/03/21 09:56:58 [2] <Candidate> lose the election at term 3, state -> Follower
2021/03/21 09:56:58 [2] <Candidate> start election at term -4-
2021/03/21 09:56:58 [2] <Candidate> send Request Vote to 1 at term 4
2021/03/21 09:56:58 [2] <Candidate> send Request Vote to 0 at term 4
2021/03/21 09:56:58 [0] <Candidate> RequestVote at term 3
2021/03/21 09:56:58 [0] <Candidate> RequestVote term -> 4 state->Follower
2021/03/21 09:56:58 [0] <Follower> RequestVote vote for 2 at term 4
2021/03/21 09:56:58 [2] <Candidate> got vote 0 -> 2 at term 4
2021/03/21 09:56:58 [2] <Candidate> finished: 2
2021/03/21 09:56:58 [2] <Candidate> got 2 votes and became Leader at term 4
2021/03/21 09:56:58 [2] <Leader> establish its authority to 1 at term 4
2021/03/21 09:56:58 [2] <Leader> establish its authority to 0 at term 4
2021/03/21 09:56:58 pass:  a quorum arises
2021/03/21 09:56:58 connect(1)
2021/03/21 09:56:58 [0] <Follower> failed to sendRequestVote to 1 at term 3
2021/03/21 09:56:58 [0] <Follower> didn't get a vote from 1 at term 3
2021/03/21 09:56:58 [0] <Follower> finished: 3
2021/03/21 09:56:58 [0] <Follower> AppendEntries from old leader at term 4
2021/03/21 09:56:58 [2] <Leader> AppendEntries from old leader at term 4
2021/03/21 09:56:58 [1] <Leader> callAppendEntries to 0, old leader, term -> 4, state -> Follower
2021/03/21 09:56:58 [1] <Candidate> start election at term -5-
2021/03/21 09:56:58 [1] <Candidate> send Request Vote to 2 at term 5
2021/03/21 09:56:58 [1] <Candidate> send Request Vote to 0 at term 5
2021/03/21 09:56:58 [2] <Leader> RequestVote at term 4
2021/03/21 09:56:58 [2] <Leader> RequestVote term -> 5 state->Follower
2021/03/21 09:56:58 [2] <Follower> RequestVote vote for 1 at term 5
2021/03/21 09:56:58 [0] <Follower> RequestVote at term 4
2021/03/21 09:56:58 [0] <Follower> RequestVote term -> 5 state->Follower
2021/03/21 09:56:58 [0] <Follower> RequestVote vote for 1 at term 5
2021/03/21 09:56:58 [1] <Candidate> got vote 2 -> 1 at term 5
2021/03/21 09:56:58 [1] <Candidate> got vote 0 -> 1 at term 5
2021/03/21 09:56:58 [1] <Candidate> finished: 3
2021/03/21 09:56:58 [1] <Candidate> got 3 votes and became Leader at term 5
2021/03/21 09:56:58 [1] <Leader> establish its authority to 2 at term 5
2021/03/21 09:56:58 [1] <Leader> establish its authority to 0 at term 5
2021/03/21 09:56:58 [2] <Follower> failed to establish its authority to 1 at term 4
  ... Passed --   7.5  3  154   11520    0
PASS
ok  	_/Users/cage/workspace/My6.824/src/raft	10.827s
