2021/03/21 10:00:06 disconnect(0)
2021/03/21 10:00:06 disconnect(1)
2021/03/21 10:00:06 disconnect(2)
2021/03/21 10:00:06 connect(0)
2021/03/21 10:00:06 connect(1)
2021/03/21 10:00:06 connect(2)
Test (2A): initial election ...
2021/03/21 10:00:07 [0] <Candidate> start election at term -1-
2021/03/21 10:00:07 [0] <Candidate> send Request Vote to 2 at term 1
2021/03/21 10:00:07 [0] <Candidate> send Request Vote to 1 at term 1
2021/03/21 10:00:07 [2] <Follower> RequestVote at term 0
2021/03/21 10:00:07 [2] <Follower> RequestVote term -> 1 state->Follower
2021/03/21 10:00:07 [2] <Follower> RequestVote vote for 0 at term 1
2021/03/21 10:00:07 [1] <Follower> RequestVote at term 0
2021/03/21 10:00:07 [1] <Follower> RequestVote term -> 1 state->Follower
2021/03/21 10:00:07 [1] <Follower> RequestVote vote for 0 at term 1
2021/03/21 10:00:07 [0] <Candidate> got vote 2 -> 0 at term 1
2021/03/21 10:00:07 [0] <Candidate> got vote 1 -> 0 at term 1
2021/03/21 10:00:07 [0] <Candidate> finished: 3
2021/03/21 10:00:07 [0] <Candidate> got 3 votes and became Leader at term 1
2021/03/21 10:00:07 [0] <Leader> establish its authority to 2 at term 1
2021/03/21 10:00:07 [0] <Leader> establish its authority to 1 at term 1
  ... Passed --   3.0  3   54    6594    0
2021/03/21 10:00:09 disconnect(0)
2021/03/21 10:00:09 disconnect(1)
2021/03/21 10:00:09 disconnect(2)
2021/03/21 10:00:09 connect(0)
2021/03/21 10:00:09 connect(1)
2021/03/21 10:00:09 connect(2)
Test (2A): election after network failure
 ...
2021/03/21 10:00:10 [0] <Candidate> start election at term -1-
2021/03/21 10:00:10 [0] <Candidate> send Request Vote to 2 at term 1
2021/03/21 10:00:10 [0] <Candidate> send Request Vote to 1 at term 1
2021/03/21 10:00:10 [2] <Follower> RequestVote at term 0
2021/03/21 10:00:10 [2] <Follower> RequestVote term -> 1 state->Follower
2021/03/21 10:00:10 [1] <Follower> RequestVote at term 0
2021/03/21 10:00:10 [1] <Follower> RequestVote term -> 1 state->Follower
2021/03/21 10:00:10 [1] <Follower> RequestVote vote for 0 at term 1
2021/03/21 10:00:10 [2] <Follower> RequestVote vote for 0 at term 1
2021/03/21 10:00:10 [0] <Candidate> got vote 1 -> 0 at term 1
2021/03/21 10:00:10 [0] <Candidate> finished: 2
2021/03/21 10:00:10 [0] <Candidate> got 2 votes and became Leader at term 1
2021/03/21 10:00:10 [0] <Leader> establish its authority to 2 at term 1
2021/03/21 10:00:10 [0] <Leader> got vote 2 -> 0 at term 1
2021/03/21 10:00:10 [0] <Leader> establish its authority to 1 at term 1
2021/03/21 10:00:10 disconnect(0)
2021/03/21 10:00:10 [1] <Candidate> start election at term -2-
2021/03/21 10:00:10 [1] <Candidate> send Request Vote to 2 at term 2
2021/03/21 10:00:10 [1] <Candidate> send Request Vote to 0 at term 2
2021/03/21 10:00:10 [2] <Follower> RequestVote at term 1
2021/03/21 10:00:10 [2] <Follower> RequestVote term -> 2 state->Follower
2021/03/21 10:00:10 [2] <Follower> RequestVote vote for 1 at term 2
2021/03/21 10:00:10 [1] <Candidate> got vote 2 -> 1 at term 2
2021/03/21 10:00:10 [1] <Candidate> finished: 2
2021/03/21 10:00:10 [1] <Candidate> got 2 votes and became Leader at term 2
2021/03/21 10:00:10 [1] <Leader> establish its authority to 2 at term 2
2021/03/21 10:00:10 [1] <Leader> establish its authority to 0 at term 2
2021/03/21 10:00:11 pass: leader disconnects
2021/03/21 10:00:11 connect(0)
2021/03/21 10:00:11 [0] <Leader> AppendEntries term -> 2
2021/03/21 10:00:11 [0] <Leader> AppendEntries state -> Follower
2021/03/21 10:00:11 pass: old leader rejoins
2021/03/21 10:00:11 disconnect(1)
2021/03/21 10:00:11 disconnect(2)
2021/03/21 10:00:11 [2] <Candidate> start election at term -3-
2021/03/21 10:00:11 [2] <Candidate> send Request Vote to 1 at term 3
2021/03/21 10:00:11 [2] <Candidate> send Request Vote to 0 at term 3
2021/03/21 10:00:11 [0] <Candidate> start election at term -3-
2021/03/21 10:00:11 [0] <Candidate> send Request Vote to 2 at term 3
2021/03/21 10:00:11 [0] <Candidate> send Request Vote to 1 at term 3
2021/03/21 10:00:13 [1] <Leader> failed to establish its authority to 0 at term 2
2021/03/21 10:00:13 [2] <Candidate> failed to sendRequestVote to 0 at term 3
2021/03/21 10:00:13 [2] <Candidate> didn't get a vote from 0 at term 3
2021/03/21 10:00:13 [0] <Candidate> failed to sendRequestVote to 2 at term 3
2021/03/21 10:00:13 [0] <Candidate> didn't get a vote from 2 at term 3
2021/03/21 10:00:13 pass: no quorum
2021/03/21 10:00:13 connect(2)
2021/03/21 10:00:15 [0] <Candidate> failed to sendRequestVote to 1 at term 3
2021/03/21 10:00:15 [0] <Candidate> didn't get a vote from 1 at term 3
2021/03/21 10:00:15 [0] <Candidate> finished: 3
2021/03/21 10:00:15 [0] <Candidate> lose the election at term 3, state -> Follower
2021/03/21 10:00:15 [0] <Candidate> start election at term -4-
2021/03/21 10:00:15 [0] <Candidate> send Request Vote to 2 at term 4
2021/03/21 10:00:15 [0] <Candidate> send Request Vote to 1 at term 4
2021/03/21 10:00:15 [2] <Candidate> RequestVote at term 3
2021/03/21 10:00:15 [2] <Candidate> RequestVote term -> 4 state->Follower
2021/03/21 10:00:15 [2] <Follower> RequestVote vote for 0 at term 4
2021/03/21 10:00:15 [0] <Candidate> got vote 2 -> 0 at term 4
2021/03/21 10:00:15 [0] <Candidate> finished: 2
2021/03/21 10:00:15 [0] <Candidate> got 2 votes and became Leader at term 4
2021/03/21 10:00:15 [0] <Leader> establish its authority to 2 at term 4
2021/03/21 10:00:15 [0] <Leader> establish its authority to 1 at term 4
2021/03/21 10:00:15 pass:  a quorum arises
2021/03/21 10:00:15 connect(1)
2021/03/21 10:00:15 [1] <Leader> AppendEntries term -> 4
2021/03/21 10:00:15 [1] <Leader> AppendEntries state -> Follower
  ... Passed --   6.2  3  136   10544    0
PASS
ok  	_/Users/cage/workspace/My6.824/src/raft	9.488s
