2021/03/21 10:00:16 disconnect(0)
2021/03/21 10:00:16 disconnect(1)
2021/03/21 10:00:16 disconnect(2)
2021/03/21 10:00:16 connect(0)
2021/03/21 10:00:16 connect(1)
2021/03/21 10:00:16 connect(2)
Test (2A): initial election ...
2021/03/21 10:00:17 [0] <Candidate> start election at term -1-
2021/03/21 10:00:17 [0] <Candidate> send Request Vote to 2 at term 1
2021/03/21 10:00:17 [0] <Candidate> send Request Vote to 1 at term 1
2021/03/21 10:00:17 [1] <Follower> RequestVote at term 0
2021/03/21 10:00:17 [1] <Follower> RequestVote term -> 1 state->Follower
2021/03/21 10:00:17 [1] <Follower> RequestVote vote for 0 at term 1
2021/03/21 10:00:17 [2] <Follower> RequestVote at term 0
2021/03/21 10:00:17 [2] <Follower> RequestVote term -> 1 state->Follower
2021/03/21 10:00:17 [2] <Follower> RequestVote vote for 0 at term 1
2021/03/21 10:00:17 [0] <Candidate> got vote 2 -> 0 at term 1
2021/03/21 10:00:17 [0] <Candidate> got vote 1 -> 0 at term 1
2021/03/21 10:00:17 [0] <Candidate> finished: 3
2021/03/21 10:00:17 [0] <Candidate> got 3 votes and became Leader at term 1
2021/03/21 10:00:17 [0] <Leader> establish its authority to 2 at term 1
2021/03/21 10:00:17 [0] <Leader> establish its authority to 1 at term 1
  ... Passed --   3.1  3   52    6350    0
2021/03/21 10:00:20 disconnect(0)
2021/03/21 10:00:20 disconnect(1)
2021/03/21 10:00:20 disconnect(2)
2021/03/21 10:00:20 connect(0)
2021/03/21 10:00:20 connect(1)
2021/03/21 10:00:20 connect(2)
Test (2A): election after network failure
 ...
2021/03/21 10:00:20 [0] <Candidate> start election at term -1-
2021/03/21 10:00:20 [0] <Candidate> send Request Vote to 2 at term 1
2021/03/21 10:00:20 [0] <Candidate> send Request Vote to 1 at term 1
2021/03/21 10:00:20 [2] <Follower> RequestVote at term 0
2021/03/21 10:00:20 [2] <Follower> RequestVote term -> 1 state->Follower
2021/03/21 10:00:20 [2] <Follower> RequestVote vote for 0 at term 1
2021/03/21 10:00:20 [1] <Follower> RequestVote at term 0
2021/03/21 10:00:20 [1] <Follower> RequestVote term -> 1 state->Follower
2021/03/21 10:00:20 [1] <Follower> RequestVote vote for 0 at term 1
2021/03/21 10:00:20 [0] <Candidate> got vote 2 -> 0 at term 1
2021/03/21 10:00:20 [0] <Candidate> finished: 2
2021/03/21 10:00:20 [0] <Candidate> got 2 votes and became Leader at term 1
2021/03/21 10:00:20 [0] <Leader> establish its authority to 2 at term 1
2021/03/21 10:00:20 [0] <Leader> establish its authority to 1 at term 1
2021/03/21 10:00:20 [0] <Leader> got vote 1 -> 0 at term 1
2021/03/21 10:00:20 disconnect(0)
2021/03/21 10:00:20 [1] <Candidate> start election at term -2-
2021/03/21 10:00:20 [1] <Candidate> send Request Vote to 2 at term 2
2021/03/21 10:00:20 [2] <Follower> RequestVote at term 1
2021/03/21 10:00:20 [2] <Follower> RequestVote term -> 2 state->Follower
2021/03/21 10:00:20 [2] <Follower> RequestVote vote for 1 at term 2
2021/03/21 10:00:20 [1] <Candidate> got vote 2 -> 1 at term 2
2021/03/21 10:00:20 [1] <Candidate> finished: 2
2021/03/21 10:00:20 [1] <Candidate> got 2 votes and became Leader at term 2
2021/03/21 10:00:20 [1] <Leader> establish its authority to 2 at term 2
2021/03/21 10:00:20 [1] <Leader> send Request Vote to 0 at term 2
2021/03/21 10:00:20 [1] <Leader> establish its authority to 0 at term 2
2021/03/21 10:00:21 pass: leader disconnects
2021/03/21 10:00:21 connect(0)
2021/03/21 10:00:21 [0] <Leader> AppendEntries term -> 2
2021/03/21 10:00:21 [0] <Leader> AppendEntries state -> Follower
2021/03/21 10:00:21 pass: old leader rejoins
2021/03/21 10:00:21 disconnect(1)
2021/03/21 10:00:21 disconnect(2)
2021/03/21 10:00:21 [0] <Candidate> start election at term -3-
2021/03/21 10:00:21 [0] <Candidate> send Request Vote to 2 at term 3
2021/03/21 10:00:21 [0] <Candidate> send Request Vote to 1 at term 3
2021/03/21 10:00:22 [2] <Candidate> start election at term -3-
2021/03/21 10:00:22 [2] <Candidate> send Request Vote to 1 at term 3
2021/03/21 10:00:22 [2] <Candidate> send Request Vote to 0 at term 3
2021/03/21 10:00:22 [2] <Candidate> failed to sendRequestVote to 1 at term 3
2021/03/21 10:00:22 [2] <Candidate> didn't get a vote from 1 at term 3
2021/03/21 10:00:23 pass: no quorum
2021/03/21 10:00:23 connect(2)
2021/03/21 10:00:24 [2] <Candidate> failed to sendRequestVote to 0 at term 3
2021/03/21 10:00:24 [2] <Candidate> didn't get a vote from 0 at term 3
2021/03/21 10:00:24 [2] <Candidate> finished: 3
2021/03/21 10:00:24 [2] <Candidate> lose the election at term 3, state -> Follower
2021/03/21 10:00:24 [2] <Candidate> start election at term -4-
2021/03/21 10:00:24 [2] <Candidate> send Request Vote to 1 at term 4
2021/03/21 10:00:24 [2] <Candidate> send Request Vote to 0 at term 4
2021/03/21 10:00:24 [0] <Candidate> RequestVote at term 3
2021/03/21 10:00:24 [0] <Candidate> RequestVote term -> 4 state->Follower
2021/03/21 10:00:24 [0] <Follower> RequestVote vote for 2 at term 4
2021/03/21 10:00:24 [2] <Candidate> got vote 0 -> 2 at term 4
2021/03/21 10:00:24 [2] <Candidate> finished: 2
2021/03/21 10:00:24 [2] <Candidate> got 2 votes and became Leader at term 4
2021/03/21 10:00:24 [2] <Leader> establish its authority to 1 at term 4
2021/03/21 10:00:24 [2] <Leader> establish its authority to 0 at term 4
2021/03/21 10:00:25 pass:  a quorum arises
2021/03/21 10:00:25 connect(1)
2021/03/21 10:00:25 [0] <Follower> AppendEntries from old leader at term 4
2021/03/21 10:00:25 [2] <Leader> AppendEntries from old leader at term 4
2021/03/21 10:00:25 [1] <Leader> callAppendEntries to 0, old leader, term -> 4, state -> Follower
2021/03/21 10:00:25 [1] <Candidate> start election at term -5-
2021/03/21 10:00:25 [1] <Candidate> send Request Vote to 2 at term 5
2021/03/21 10:00:25 [1] <Candidate> send Request Vote to 0 at term 5
2021/03/21 10:00:25 [2] <Leader> RequestVote at term 4
2021/03/21 10:00:25 [2] <Leader> RequestVote term -> 5 state->Follower
2021/03/21 10:00:25 [2] <Follower> RequestVote vote for 1 at term 5
2021/03/21 10:00:25 [0] <Follower> RequestVote at term 4
2021/03/21 10:00:25 [0] <Follower> RequestVote term -> 5 state->Follower
2021/03/21 10:00:25 [0] <Follower> RequestVote vote for 1 at term 5
2021/03/21 10:00:25 [1] <Candidate> got vote 2 -> 1 at term 5
2021/03/21 10:00:25 [1] <Candidate> finished: 2
2021/03/21 10:00:25 [1] <Candidate> got 2 votes and became Leader at term 5
2021/03/21 10:00:25 [1] <Leader> establish its authority to 2 at term 5
2021/03/21 10:00:25 [1] <Leader> got vote 0 -> 1 at term 5
2021/03/21 10:00:25 [1] <Leader> establish its authority to 0 at term 5
  ... Passed --   5.5  3  120    9474    0
PASS
ok  	_/Users/cage/workspace/My6.824/src/raft	8.987s
