2021/03/21 10:00:26 disconnect(0)
2021/03/21 10:00:26 disconnect(1)
2021/03/21 10:00:26 disconnect(2)
2021/03/21 10:00:26 connect(0)
2021/03/21 10:00:26 connect(1)
2021/03/21 10:00:26 connect(2)
Test (2A): initial election ...
2021/03/21 10:00:26 [2] <Candidate> start election at term -1-
2021/03/21 10:00:26 [1] <Candidate> start election at term -1-
2021/03/21 10:00:26 [2] <Candidate> send Request Vote to 1 at term 1
2021/03/21 10:00:26 [1] <Candidate> send Request Vote to 2 at term 1
2021/03/21 10:00:26 [1] <Candidate> send Request Vote to 0 at term 1
2021/03/21 10:00:26 [2] <Candidate> send Request Vote to 0 at term 1
2021/03/21 10:00:26 [1] <Candidate> RequestVote at term 1
2021/03/21 10:00:26 [1] <Candidate> RequestVote already vote for 1 at term 1
2021/03/21 10:00:26 [2] <Candidate> RequestVote at term 1
2021/03/21 10:00:26 [2] <Candidate> RequestVote already vote for 2 at term 1
2021/03/21 10:00:26 [0] <Follower> RequestVote at term 0
2021/03/21 10:00:26 [0] <Follower> RequestVote term -> 1 state->Follower
2021/03/21 10:00:26 [0] <Follower> RequestVote vote for 1 at term 1
2021/03/21 10:00:26 [2] <Candidate> didn't get a vote from 1 at term 1
2021/03/21 10:00:26 [0] <Follower> RequestVote at term 1
2021/03/21 10:00:26 [0] <Follower> RequestVote already vote for 1 at term 1
2021/03/21 10:00:26 [1] <Candidate> didn't get a vote from 2 at term 1
2021/03/21 10:00:26 [1] <Candidate> got vote 0 -> 1 at term 1
2021/03/21 10:00:26 [2] <Candidate> didn't get a vote from 0 at term 1
2021/03/21 10:00:26 [2] <Candidate> finished: 3
2021/03/21 10:00:26 [2] <Candidate> lose the election at term 1, state -> Follower
2021/03/21 10:00:26 [1] <Candidate> finished: 3
2021/03/21 10:00:26 [1] <Candidate> got 2 votes and became Leader at term 1
2021/03/21 10:00:26 [1] <Leader> establish its authority to 2 at term 1
2021/03/21 10:00:26 [1] <Leader> establish its authority to 0 at term 1
  ... Passed --   3.1  3   58    7198    0
2021/03/21 10:00:29 disconnect(0)
2021/03/21 10:00:29 disconnect(1)
2021/03/21 10:00:29 disconnect(2)
2021/03/21 10:00:29 connect(0)
2021/03/21 10:00:29 connect(1)
2021/03/21 10:00:29 connect(2)
Test (2A): election after network failure
 ...
2021/03/21 10:00:29 [1] <Candidate> start election at term -1-
2021/03/21 10:00:29 [1] <Candidate> send Request Vote to 2 at term 1
2021/03/21 10:00:29 [1] <Candidate> send Request Vote to 0 at term 1
2021/03/21 10:00:29 [2] <Follower> RequestVote at term 0
2021/03/21 10:00:29 [2] <Follower> RequestVote term -> 1 state->Follower
2021/03/21 10:00:29 [2] <Follower> RequestVote vote for 1 at term 1
2021/03/21 10:00:29 [0] <Follower> RequestVote at term 0
2021/03/21 10:00:29 [0] <Follower> RequestVote term -> 1 state->Follower
2021/03/21 10:00:29 [0] <Follower> RequestVote vote for 1 at term 1
2021/03/21 10:00:29 [1] <Candidate> got vote 2 -> 1 at term 1
2021/03/21 10:00:29 [1] <Candidate> finished: 2
2021/03/21 10:00:29 [1] <Candidate> got 2 votes and became Leader at term 1
2021/03/21 10:00:29 [1] <Leader> establish its authority to 2 at term 1
2021/03/21 10:00:29 [1] <Leader> establish its authority to 0 at term 1
2021/03/21 10:00:29 [1] <Leader> got vote 0 -> 1 at term 1
2021/03/21 10:00:29 disconnect(1)
2021/03/21 10:00:30 [0] <Candidate> start election at term -2-
2021/03/21 10:00:30 [0] <Candidate> send Request Vote to 2 at term 2
2021/03/21 10:00:30 [0] <Candidate> send Request Vote to 1 at term 2
2021/03/21 10:00:30 [2] <Follower> RequestVote at term 1
2021/03/21 10:00:30 [2] <Follower> RequestVote term -> 2 state->Follower
2021/03/21 10:00:30 [2] <Follower> RequestVote vote for 0 at term 2
2021/03/21 10:00:30 [0] <Candidate> got vote 2 -> 0 at term 2
2021/03/21 10:00:30 [0] <Candidate> finished: 2
2021/03/21 10:00:30 [0] <Candidate> got 2 votes and became Leader at term 2
2021/03/21 10:00:30 [0] <Leader> establish its authority to 2 at term 2
2021/03/21 10:00:30 [0] <Leader> establish its authority to 1 at term 2
2021/03/21 10:00:30 pass: leader disconnects
2021/03/21 10:00:30 connect(1)
2021/03/21 10:00:30 [1] <Leader> AppendEntries term -> 2
2021/03/21 10:00:30 [1] <Leader> AppendEntries state -> Follower
2021/03/21 10:00:30 pass: old leader rejoins
2021/03/21 10:00:30 disconnect(0)
2021/03/21 10:00:30 disconnect(1)
2021/03/21 10:00:31 [2] <Candidate> start election at term -3-
2021/03/21 10:00:31 [2] <Candidate> send Request Vote to 1 at term 3
2021/03/21 10:00:31 [2] <Candidate> send Request Vote to 0 at term 3
2021/03/21 10:00:31 [1] <Candidate> start election at term -3-
2021/03/21 10:00:31 [1] <Candidate> send Request Vote to 2 at term 3
2021/03/21 10:00:31 [1] <Candidate> send Request Vote to 0 at term 3
2021/03/21 10:00:31 [0] <Leader> failed to sendRequestVote to 1 at term 2
2021/03/21 10:00:31 [0] <Leader> didn't get a vote from 1 at term 2
2021/03/21 10:00:31 [0] <Leader> failed to establish its authority to 1 at term 2
2021/03/21 10:00:32 [2] <Candidate> failed to sendRequestVote to 0 at term 3
2021/03/21 10:00:32 [2] <Candidate> didn't get a vote from 0 at term 3
2021/03/21 10:00:32 pass: no quorum
2021/03/21 10:00:32 connect(1)
2021/03/21 10:00:32 [2] <Candidate> failed to sendRequestVote to 1 at term 3
2021/03/21 10:00:32 [2] <Candidate> didn't get a vote from 1 at term 3
2021/03/21 10:00:32 [2] <Candidate> finished: 3
2021/03/21 10:00:32 [2] <Candidate> lose the election at term 3, state -> Follower
2021/03/21 10:00:32 [2] <Candidate> start election at term -4-
2021/03/21 10:00:32 [2] <Candidate> send Request Vote to 1 at term 4
2021/03/21 10:00:32 [2] <Candidate> send Request Vote to 0 at term 4
2021/03/21 10:00:32 [1] <Candidate> RequestVote at term 3
2021/03/21 10:00:32 [1] <Candidate> RequestVote term -> 4 state->Follower
2021/03/21 10:00:32 [1] <Follower> RequestVote vote for 2 at term 4
2021/03/21 10:00:32 [2] <Candidate> got vote 1 -> 2 at term 4
2021/03/21 10:00:32 [2] <Candidate> finished: 2
2021/03/21 10:00:32 [2] <Candidate> got 2 votes and became Leader at term 4
2021/03/21 10:00:32 [2] <Leader> establish its authority to 1 at term 4
2021/03/21 10:00:32 [2] <Leader> establish its authority to 0 at term 4
2021/03/21 10:00:33 [1] <Follower> failed to sendRequestVote to 2 at term 3
2021/03/21 10:00:33 [1] <Follower> didn't get a vote from 2 at term 3
2021/03/21 10:00:33 pass:  a quorum arises
2021/03/21 10:00:33 connect(0)
2021/03/21 10:00:33 [0] <Leader> AppendEntries term -> 4
2021/03/21 10:00:33 [0] <Leader> AppendEntries state -> Follower
  ... Passed --   4.5  3  100    8140    0
PASS
ok  	_/Users/cage/workspace/My6.824/src/raft	7.870s
