2021/03/21 10:00:34 disconnect(0)
2021/03/21 10:00:34 disconnect(1)
2021/03/21 10:00:34 disconnect(2)
2021/03/21 10:00:34 connect(0)
2021/03/21 10:00:34 connect(1)
2021/03/21 10:00:34 connect(2)
Test (2A): initial election ...
2021/03/21 10:00:34 [1] <Candidate> start election at term -1-
2021/03/21 10:00:34 [1] <Candidate> send Request Vote to 2 at term 1
2021/03/21 10:00:34 [1] <Candidate> send Request Vote to 0 at term 1
2021/03/21 10:00:34 [0] <Follower> RequestVote at term 0
2021/03/21 10:00:34 [0] <Follower> RequestVote term -> 1 state->Follower
2021/03/21 10:00:34 [0] <Follower> RequestVote vote for 1 at term 1
2021/03/21 10:00:34 [2] <Follower> RequestVote at term 0
2021/03/21 10:00:34 [2] <Follower> RequestVote term -> 1 state->Follower
2021/03/21 10:00:34 [2] <Follower> RequestVote vote for 1 at term 1
2021/03/21 10:00:34 [1] <Candidate> got vote 0 -> 1 at term 1
2021/03/21 10:00:34 [1] <Candidate> finished: 2
2021/03/21 10:00:34 [1] <Candidate> got 2 votes and became Leader at term 1
2021/03/21 10:00:34 [1] <Leader> got vote 2 -> 1 at term 1
2021/03/21 10:00:34 [1] <Leader> establish its authority to 2 at term 1
2021/03/21 10:00:34 [1] <Leader> establish its authority to 0 at term 1
  ... Passed --   3.0  3   54    6702    0
2021/03/21 10:00:37 disconnect(0)
2021/03/21 10:00:37 disconnect(1)
2021/03/21 10:00:37 disconnect(2)
2021/03/21 10:00:37 connect(0)
2021/03/21 10:00:37 connect(1)
2021/03/21 10:00:37 connect(2)
Test (2A): election after network failure
 ...
2021/03/21 10:00:37 [2] <Candidate> start election at term -1-
2021/03/21 10:00:37 [2] <Candidate> send Request Vote to 1 at term 1
2021/03/21 10:00:37 [2] <Candidate> send Request Vote to 0 at term 1
2021/03/21 10:00:37 [1] <Follower> RequestVote at term 0
2021/03/21 10:00:37 [1] <Follower> RequestVote term -> 1 state->Follower
2021/03/21 10:00:37 [1] <Follower> RequestVote vote for 2 at term 1
2021/03/21 10:00:37 [0] <Follower> RequestVote at term 0
2021/03/21 10:00:37 [0] <Follower> RequestVote term -> 1 state->Follower
2021/03/21 10:00:37 [0] <Follower> RequestVote vote for 2 at term 1
2021/03/21 10:00:37 [2] <Candidate> got vote 1 -> 2 at term 1
2021/03/21 10:00:37 [2] <Candidate> finished: 2
2021/03/21 10:00:37 [2] <Candidate> got 2 votes and became Leader at term 1
2021/03/21 10:00:37 [2] <Leader> establish its authority to 1 at term 1
2021/03/21 10:00:37 [2] <Leader> got vote 0 -> 2 at term 1
2021/03/21 10:00:37 [2] <Leader> establish its authority to 0 at term 1
2021/03/21 10:00:37 disconnect(2)
2021/03/21 10:00:38 [0] <Candidate> start election at term -2-
2021/03/21 10:00:38 [1] <Candidate> start election at term -2-
2021/03/21 10:00:38 [0] <Candidate> send Request Vote to 1 at term 2
2021/03/21 10:00:38 [1] <Candidate> send Request Vote to 2 at term 2
2021/03/21 10:00:38 [0] <Candidate> send Request Vote to 2 at term 2
2021/03/21 10:00:38 [1] <Candidate> RequestVote at term 2
2021/03/21 10:00:38 [1] <Candidate> send Request Vote to 0 at term 2
2021/03/21 10:00:38 [1] <Candidate> RequestVote already vote for 1 at term 2
2021/03/21 10:00:38 [0] <Candidate> RequestVote at term 2
2021/03/21 10:00:38 [0] <Candidate> RequestVote already vote for 0 at term 2
2021/03/21 10:00:38 [0] <Candidate> didn't get a vote from 1 at term 2
2021/03/21 10:00:38 [1] <Candidate> didn't get a vote from 0 at term 2
2021/03/21 10:00:39 [0] <Candidate> failed to sendRequestVote to 2 at term 2
2021/03/21 10:00:39 [0] <Candidate> didn't get a vote from 2 at term 2
2021/03/21 10:00:39 [0] <Candidate> finished: 3
2021/03/21 10:00:39 [0] <Candidate> lose the election at term 2, state -> Follower
2021/03/21 10:00:39 [0] <Candidate> start election at term -3-
2021/03/21 10:00:39 [0] <Candidate> send Request Vote to 2 at term 3
2021/03/21 10:00:39 [0] <Candidate> send Request Vote to 1 at term 3
2021/03/21 10:00:39 [1] <Candidate> RequestVote at term 2
2021/03/21 10:00:39 [1] <Candidate> RequestVote term -> 3 state->Follower
2021/03/21 10:00:39 [1] <Follower> RequestVote vote for 0 at term 3
2021/03/21 10:00:39 [0] <Candidate> got vote 1 -> 0 at term 3
2021/03/21 10:00:39 [0] <Candidate> finished: 2
2021/03/21 10:00:39 [0] <Candidate> got 2 votes and became Leader at term 3
2021/03/21 10:00:39 [0] <Leader> establish its authority to 2 at term 3
2021/03/21 10:00:39 [0] <Leader> establish its authority to 1 at term 3
2021/03/21 10:00:39 pass: leader disconnects
2021/03/21 10:00:39 connect(2)
2021/03/21 10:00:39 [2] <Leader> AppendEntries term -> 3
2021/03/21 10:00:39 [2] <Leader> AppendEntries state -> Follower
2021/03/21 10:00:39 pass: old leader rejoins
2021/03/21 10:00:39 disconnect(0)
2021/03/21 10:00:39 disconnect(1)
2021/03/21 10:00:40 [2] <Candidate> start election at term -4-
2021/03/21 10:00:40 [2] <Candidate> send Request Vote to 1 at term 4
2021/03/21 10:00:40 [2] <Candidate> send Request Vote to 0 at term 4
2021/03/21 10:00:41 [1] <Follower> failed to sendRequestVote to 2 at term 2
2021/03/21 10:00:41 [1] <Follower> didn't get a vote from 2 at term 2
2021/03/21 10:00:41 [1] <Follower> finished: 3
2021/03/21 10:00:41 [1] <Candidate> start election at term -4-
2021/03/21 10:00:41 [1] <Candidate> send Request Vote to 2 at term 4
2021/03/21 10:00:41 [1] <Candidate> send Request Vote to 0 at term 4
2021/03/21 10:00:41 pass: no quorum
2021/03/21 10:00:41 connect(1)
2021/03/21 10:00:42 [2] <Candidate> failed to sendRequestVote to 1 at term 4
2021/03/21 10:00:42 [2] <Candidate> didn't get a vote from 1 at term 4
2021/03/21 10:00:42 [0] <Leader> failed to establish its authority to 2 at term 3
2021/03/21 10:00:44 [2] <Candidate> failed to sendRequestVote to 0 at term 4
2021/03/21 10:00:44 [2] <Candidate> didn't get a vote from 0 at term 4
2021/03/21 10:00:44 [2] <Candidate> finished: 3
2021/03/21 10:00:44 [2] <Candidate> lose the election at term 4, state -> Follower
2021/03/21 10:00:44 [2] <Candidate> start election at term -5-
2021/03/21 10:00:44 [2] <Candidate> send Request Vote to 1 at term 5
2021/03/21 10:00:44 [2] <Candidate> send Request Vote to 0 at term 5
2021/03/21 10:00:44 [1] <Candidate> RequestVote at term 4
2021/03/21 10:00:44 [1] <Candidate> RequestVote term -> 5 state->Follower
2021/03/21 10:00:44 [1] <Follower> RequestVote vote for 2 at term 5
2021/03/21 10:00:44 [2] <Candidate> got vote 1 -> 2 at term 5
2021/03/21 10:00:44 [2] <Candidate> finished: 2
2021/03/21 10:00:44 [2] <Candidate> got 2 votes and became Leader at term 5
2021/03/21 10:00:44 [2] <Leader> establish its authority to 1 at term 5
2021/03/21 10:00:44 [2] <Leader> establish its authority to 0 at term 5
2021/03/21 10:00:44 pass:  a quorum arises
2021/03/21 10:00:44 connect(0)
2021/03/21 10:00:44 [2] <Leader> AppendEntries from old leader at term 5
2021/03/21 10:00:44 [1] <Follower> AppendEntries from old leader at term 5
2021/03/21 10:00:44 [0] <Leader> AppendEntries term -> 5
2021/03/21 10:00:44 [0] <Leader> AppendEntries state -> Follower
2021/03/21 10:00:45 [1] <Follower> failed to sendRequestVote to 0 at term 4
2021/03/21 10:00:45 [1] <Follower> didn't get a vote from 0 at term 4
  ... Passed --   8.0  3  170   12434    0
PASS
ok  	_/Users/cage/workspace/My6.824/src/raft	11.248s
