2021/03/21 10:01:05 disconnect(0)
2021/03/21 10:01:05 disconnect(1)
2021/03/21 10:01:05 disconnect(2)
2021/03/21 10:01:05 connect(0)
2021/03/21 10:01:05 connect(1)
2021/03/21 10:01:05 connect(2)
Test (2A): initial election ...
2021/03/21 10:01:05 [2] <Candidate> start election at term -1-
2021/03/21 10:01:05 [2] <Candidate> send Request Vote to 1 at term 1
2021/03/21 10:01:05 [2] <Candidate> send Request Vote to 0 at term 1
2021/03/21 10:01:05 [1] <Follower> RequestVote at term 0
2021/03/21 10:01:05 [1] <Follower> RequestVote term -> 1 state->Follower
2021/03/21 10:01:05 [0] <Follower> RequestVote at term 0
2021/03/21 10:01:05 [0] <Follower> RequestVote term -> 1 state->Follower
2021/03/21 10:01:05 [0] <Follower> RequestVote vote for 2 at term 1
2021/03/21 10:01:05 [1] <Follower> RequestVote vote for 2 at term 1
2021/03/21 10:01:05 [2] <Candidate> got vote 0 -> 2 at term 1
2021/03/21 10:01:05 [2] <Candidate> finished: 2
2021/03/21 10:01:05 [2] <Candidate> got 2 votes and became Leader at term 1
2021/03/21 10:01:05 [2] <Leader> got vote 1 -> 2 at term 1
2021/03/21 10:01:05 [2] <Leader> establish its authority to 1 at term 1
2021/03/21 10:01:05 [2] <Leader> establish its authority to 0 at term 1
  ... Passed --   3.1  3   56    6950    0
2021/03/21 10:01:08 disconnect(0)
2021/03/21 10:01:08 disconnect(1)
2021/03/21 10:01:08 disconnect(2)
2021/03/21 10:01:08 connect(0)
2021/03/21 10:01:08 connect(1)
2021/03/21 10:01:08 connect(2)
Test (2A): election after network failure
 ...
2021/03/21 10:01:08 [0] <Candidate> start election at term -1-
2021/03/21 10:01:08 [0] <Candidate> send Request Vote to 2 at term 1
2021/03/21 10:01:08 [0] <Candidate> send Request Vote to 1 at term 1
2021/03/21 10:01:08 [2] <Follower> RequestVote at term 0
2021/03/21 10:01:08 [2] <Follower> RequestVote term -> 1 state->Follower
2021/03/21 10:01:08 [2] <Follower> RequestVote vote for 0 at term 1
2021/03/21 10:01:08 [1] <Follower> RequestVote at term 0
2021/03/21 10:01:08 [1] <Follower> RequestVote term -> 1 state->Follower
2021/03/21 10:01:08 [1] <Follower> RequestVote vote for 0 at term 1
2021/03/21 10:01:08 [0] <Candidate> got vote 2 -> 0 at term 1
2021/03/21 10:01:08 [0] <Candidate> finished: 2
2021/03/21 10:01:08 [0] <Candidate> got 2 votes and became Leader at term 1
2021/03/21 10:01:08 [0] <Leader> got vote 1 -> 0 at term 1
2021/03/21 10:01:08 [0] <Leader> establish its authority to 2 at term 1
2021/03/21 10:01:08 [0] <Leader> establish its authority to 1 at term 1
2021/03/21 10:01:09 disconnect(0)
2021/03/21 10:01:09 [1] <Candidate> start election at term -2-
2021/03/21 10:01:09 [1] <Candidate> send Request Vote to 2 at term 2
2021/03/21 10:01:09 [1] <Candidate> send Request Vote to 0 at term 2
2021/03/21 10:01:09 [2] <Follower> RequestVote at term 1
2021/03/21 10:01:09 [2] <Follower> RequestVote term -> 2 state->Follower
2021/03/21 10:01:09 [2] <Follower> RequestVote vote for 1 at term 2
2021/03/21 10:01:09 [1] <Candidate> got vote 2 -> 1 at term 2
2021/03/21 10:01:09 [1] <Candidate> finished: 2
2021/03/21 10:01:09 [1] <Candidate> got 2 votes and became Leader at term 2
2021/03/21 10:01:09 [1] <Leader> establish its authority to 2 at term 2
2021/03/21 10:01:09 [1] <Leader> establish its authority to 0 at term 2
2021/03/21 10:01:09 pass: leader disconnects
2021/03/21 10:01:09 connect(0)
2021/03/21 10:01:09 [0] <Leader> AppendEntries term -> 2
2021/03/21 10:01:09 [0] <Leader> AppendEntries state -> Follower
2021/03/21 10:01:10 [1] <Leader> failed to establish its authority to 0 at term 2
2021/03/21 10:01:10 pass: old leader rejoins
2021/03/21 10:01:10 disconnect(1)
2021/03/21 10:01:10 disconnect(2)
2021/03/21 10:01:10 [0] <Candidate> start election at term -3-
2021/03/21 10:01:10 [0] <Candidate> send Request Vote to 2 at term 3
2021/03/21 10:01:10 [0] <Candidate> send Request Vote to 1 at term 3
2021/03/21 10:01:10 [2] <Candidate> start election at term -3-
2021/03/21 10:01:10 [2] <Candidate> send Request Vote to 0 at term 3
2021/03/21 10:01:10 [2] <Candidate> send Request Vote to 1 at term 3
2021/03/21 10:01:11 [1] <Leader> failed to sendRequestVote to 0 at term 2
2021/03/21 10:01:11 [1] <Leader> didn't get a vote from 0 at term 2
2021/03/21 10:01:12 pass: no quorum
2021/03/21 10:01:12 connect(2)
2021/03/21 10:01:13 [0] <Candidate> failed to sendRequestVote to 2 at term 3
2021/03/21 10:01:13 [0] <Candidate> didn't get a vote from 2 at term 3
2021/03/21 10:01:14 [2] <Candidate> failed to sendRequestVote to 1 at term 3
2021/03/21 10:01:14 [2] <Candidate> didn't get a vote from 1 at term 3
2021/03/21 10:01:14 [2] <Candidate> failed to sendRequestVote to 0 at term 3
2021/03/21 10:01:14 [2] <Candidate> didn't get a vote from 0 at term 3
2021/03/21 10:01:14 [2] <Candidate> finished: 3
2021/03/21 10:01:14 [2] <Candidate> lose the election at term 3, state -> Follower
2021/03/21 10:01:14 [2] <Candidate> start election at term -4-
2021/03/21 10:01:14 [2] <Candidate> send Request Vote to 1 at term 4
2021/03/21 10:01:14 [2] <Candidate> send Request Vote to 0 at term 4
2021/03/21 10:01:14 [0] <Candidate> RequestVote at term 3
2021/03/21 10:01:14 [0] <Candidate> RequestVote term -> 4 state->Follower
2021/03/21 10:01:14 [0] <Follower> RequestVote vote for 2 at term 4
2021/03/21 10:01:14 [2] <Candidate> got vote 0 -> 2 at term 4
2021/03/21 10:01:14 [2] <Candidate> finished: 2
2021/03/21 10:01:14 [2] <Candidate> got 2 votes and became Leader at term 4
2021/03/21 10:01:14 [2] <Leader> establish its authority to 1 at term 4
2021/03/21 10:01:14 [2] <Leader> establish its authority to 0 at term 4
2021/03/21 10:01:14 pass:  a quorum arises
2021/03/21 10:01:14 connect(1)
2021/03/21 10:01:14 [1] <Leader> AppendEntries term -> 4
2021/03/21 10:01:14 [1] <Leader> AppendEntries state -> Follower
2021/03/21 10:01:15 [2] <Leader> failed to sendRequestVote to 1 at term 4
2021/03/21 10:01:15 [2] <Leader> didn't get a vote from 1 at term 4
  ... Passed --   6.5  3  142   11018    0
PASS
ok  	_/Users/cage/workspace/My6.824/src/raft	9.687s
