2021/03/21 10:01:27 disconnect(0)
2021/03/21 10:01:27 disconnect(1)
2021/03/21 10:01:27 disconnect(2)
2021/03/21 10:01:27 connect(0)
2021/03/21 10:01:27 connect(1)
2021/03/21 10:01:27 connect(2)
Test (2A): initial election ...
2021/03/21 10:01:27 [1] <Candidate> start election at term -1-
2021/03/21 10:01:27 [1] <Candidate> send Request Vote to 2 at term 1
2021/03/21 10:01:27 [1] <Candidate> send Request Vote to 0 at term 1
2021/03/21 10:01:27 [2] <Follower> RequestVote at term 0
2021/03/21 10:01:27 [2] <Follower> RequestVote term -> 1 state->Follower
2021/03/21 10:01:27 [0] <Follower> RequestVote at term 0
2021/03/21 10:01:27 [0] <Follower> RequestVote term -> 1 state->Follower
2021/03/21 10:01:27 [0] <Follower> RequestVote vote for 1 at term 1
2021/03/21 10:01:27 [2] <Follower> RequestVote vote for 1 at term 1
2021/03/21 10:01:27 [1] <Candidate> got vote 0 -> 1 at term 1
2021/03/21 10:01:27 [1] <Candidate> finished: 2
2021/03/21 10:01:27 [1] <Candidate> got 2 votes and became Leader at term 1
2021/03/21 10:01:27 [1] <Leader> got vote 2 -> 1 at term 1
2021/03/21 10:01:27 [1] <Leader> establish its authority to 0 at term 1
2021/03/21 10:01:27 [1] <Leader> establish its authority to 2 at term 1
  ... Passed --   3.0  3   54    6702    0
2021/03/21 10:01:30 disconnect(0)
2021/03/21 10:01:30 disconnect(1)
2021/03/21 10:01:30 disconnect(2)
2021/03/21 10:01:30 connect(0)
2021/03/21 10:01:30 connect(1)
2021/03/21 10:01:30 connect(2)
Test (2A): election after network failure
 ...
2021/03/21 10:01:30 [2] <Candidate> start election at term -1-
2021/03/21 10:01:30 [2] <Candidate> send Request Vote to 1 at term 1
2021/03/21 10:01:30 [2] <Candidate> send Request Vote to 0 at term 1
2021/03/21 10:01:30 [1] <Follower> RequestVote at term 0
2021/03/21 10:01:30 [1] <Follower> RequestVote term -> 1 state->Follower
2021/03/21 10:01:30 [0] <Follower> RequestVote at term 0
2021/03/21 10:01:30 [0] <Follower> RequestVote term -> 1 state->Follower
2021/03/21 10:01:30 [1] <Follower> RequestVote vote for 2 at term 1
2021/03/21 10:01:30 [0] <Follower> RequestVote vote for 2 at term 1
2021/03/21 10:01:30 [2] <Candidate> got vote 1 -> 2 at term 1
2021/03/21 10:01:30 [2] <Candidate> finished: 2
2021/03/21 10:01:30 [2] <Candidate> got 2 votes and became Leader at term 1
2021/03/21 10:01:30 [2] <Leader> establish its authority to 1 at term 1
2021/03/21 10:01:30 [2] <Leader> establish its authority to 0 at term 1
2021/03/21 10:01:30 [2] <Leader> got vote 0 -> 2 at term 1
2021/03/21 10:01:30 disconnect(2)
2021/03/21 10:01:31 [1] <Candidate> start election at term -2-
2021/03/21 10:01:31 [1] <Candidate> send Request Vote to 2 at term 2
2021/03/21 10:01:31 [1] <Candidate> send Request Vote to 0 at term 2
2021/03/21 10:01:31 [0] <Follower> RequestVote at term 1
2021/03/21 10:01:31 [0] <Follower> RequestVote term -> 2 state->Follower
2021/03/21 10:01:31 [0] <Follower> RequestVote vote for 1 at term 2
2021/03/21 10:01:31 [1] <Candidate> got vote 0 -> 1 at term 2
2021/03/21 10:01:31 [1] <Candidate> finished: 2
2021/03/21 10:01:31 [1] <Candidate> got 2 votes and became Leader at term 2
2021/03/21 10:01:31 [1] <Leader> establish its authority to 2 at term 2
2021/03/21 10:01:31 [1] <Leader> establish its authority to 0 at term 2
2021/03/21 10:01:31 pass: leader disconnects
2021/03/21 10:01:31 connect(2)
2021/03/21 10:01:31 [2] <Leader> AppendEntries term -> 2
2021/03/21 10:01:31 [2] <Leader> AppendEntries state -> Follower
2021/03/21 10:01:31 pass: old leader rejoins
2021/03/21 10:01:31 disconnect(1)
2021/03/21 10:01:31 disconnect(2)
2021/03/21 10:01:32 [2] <Candidate> start election at term -3-
2021/03/21 10:01:32 [2] <Candidate> send Request Vote to 1 at term 3
2021/03/21 10:01:32 [2] <Candidate> send Request Vote to 0 at term 3
2021/03/21 10:01:32 [0] <Candidate> start election at term -3-
2021/03/21 10:01:32 [0] <Candidate> send Request Vote to 2 at term 3
2021/03/21 10:01:32 [0] <Candidate> send Request Vote to 1 at term 3
2021/03/21 10:01:33 [1] <Leader> failed to establish its authority to 2 at term 2
2021/03/21 10:01:33 pass: no quorum
2021/03/21 10:01:33 connect(2)
2021/03/21 10:01:34 [2] <Candidate> failed to sendRequestVote to 0 at term 3
2021/03/21 10:01:34 [2] <Candidate> didn't get a vote from 0 at term 3
2021/03/21 10:01:34 [0] <Candidate> failed to sendRequestVote to 1 at term 3
2021/03/21 10:01:34 [0] <Candidate> didn't get a vote from 1 at term 3
2021/03/21 10:01:36 [1] <Leader> failed to sendRequestVote to 2 at term 2
2021/03/21 10:01:36 [1] <Leader> didn't get a vote from 2 at term 2
2021/03/21 10:01:37 [2] <Candidate> failed to sendRequestVote to 1 at term 3
2021/03/21 10:01:37 [2] <Candidate> didn't get a vote from 1 at term 3
2021/03/21 10:01:37 [2] <Candidate> finished: 3
2021/03/21 10:01:37 [2] <Candidate> lose the election at term 3, state -> Follower
2021/03/21 10:01:37 [2] <Candidate> start election at term -4-
2021/03/21 10:01:37 [2] <Candidate> send Request Vote to 1 at term 4
2021/03/21 10:01:37 [2] <Candidate> send Request Vote to 0 at term 4
2021/03/21 10:01:37 [0] <Candidate> RequestVote at term 3
2021/03/21 10:01:37 [0] <Candidate> RequestVote term -> 4 state->Follower
2021/03/21 10:01:37 [0] <Follower> RequestVote vote for 2 at term 4
2021/03/21 10:01:37 [2] <Candidate> got vote 0 -> 2 at term 4
2021/03/21 10:01:37 [2] <Candidate> finished: 2
2021/03/21 10:01:37 [2] <Candidate> got 2 votes and became Leader at term 4
2021/03/21 10:01:37 [2] <Leader> establish its authority to 1 at term 4
2021/03/21 10:01:37 [2] <Leader> establish its authority to 0 at term 4
2021/03/21 10:01:37 pass:  a quorum arises
2021/03/21 10:01:37 connect(1)
2021/03/21 10:01:37 [0] <Follower> AppendEntries from old leader at term 4
2021/03/21 10:01:37 [2] <Leader> AppendEntries from old leader at term 4
2021/03/21 10:01:37 [1] <Leader> callAppendEntries to 0, old leader, term -> 4, state -> Follower
2021/03/21 10:01:37 [1] <Candidate> start election at term -5-
2021/03/21 10:01:37 [1] <Candidate> send Request Vote to 2 at term 5
2021/03/21 10:01:37 [1] <Candidate> send Request Vote to 0 at term 5
2021/03/21 10:01:37 [0] <Follower> RequestVote at term 4
2021/03/21 10:01:37 [0] <Follower> RequestVote term -> 5 state->Follower
2021/03/21 10:01:37 [0] <Follower> RequestVote vote for 1 at term 5
2021/03/21 10:01:37 [2] <Leader> RequestVote at term 4
2021/03/21 10:01:37 [2] <Leader> RequestVote term -> 5 state->Follower
2021/03/21 10:01:37 [2] <Follower> RequestVote vote for 1 at term 5
2021/03/21 10:01:37 [1] <Candidate> got vote 0 -> 1 at term 5
2021/03/21 10:01:37 [1] <Candidate> finished: 2
2021/03/21 10:01:37 [1] <Candidate> got 2 votes and became Leader at term 5
2021/03/21 10:01:37 [1] <Leader> got vote 2 -> 1 at term 5
2021/03/21 10:01:37 [1] <Leader> establish its authority to 0 at term 5
2021/03/21 10:01:37 [1] <Leader> establish its authority to 2 at term 5
  ... Passed --   7.9  3  166   12540    0
PASS
ok  	_/Users/cage/workspace/My6.824/src/raft	11.052s
