2021/03/21 09:56:59 disconnect(0)
2021/03/21 09:56:59 disconnect(1)
2021/03/21 09:56:59 disconnect(2)
2021/03/21 09:56:59 connect(0)
2021/03/21 09:56:59 connect(1)
2021/03/21 09:56:59 connect(2)
Test (2A): initial election ...
2021/03/21 09:56:59 [1] <Candidate> start election at term -1-
2021/03/21 09:56:59 [1] <Candidate> send Request Vote to 2 at term 1
2021/03/21 09:56:59 [1] <Candidate> send Request Vote to 0 at term 1
2021/03/21 09:56:59 [0] <Follower> RequestVote at term 0
2021/03/21 09:56:59 [0] <Follower> RequestVote term -> 1 state->Follower
2021/03/21 09:56:59 [0] <Follower> RequestVote vote for 1 at term 1
2021/03/21 09:56:59 [2] <Follower> RequestVote at term 0
2021/03/21 09:56:59 [2] <Follower> RequestVote term -> 1 state->Follower
2021/03/21 09:56:59 [2] <Follower> RequestVote vote for 1 at term 1
2021/03/21 09:56:59 [1] <Candidate> got vote 2 -> 1 at term 1
2021/03/21 09:56:59 [1] <Candidate> got vote 0 -> 1 at term 1
2021/03/21 09:56:59 [1] <Candidate> finished: 3
2021/03/21 09:56:59 [1] <Candidate> got 3 votes and became Leader at term 1
2021/03/21 09:56:59 [1] <Leader> establish its authority to 2 at term 1
2021/03/21 09:56:59 [1] <Leader> establish its authority to 0 at term 1
  ... Passed --   3.0  3   54    6702    0
2021/03/21 09:57:02 disconnect(0)
2021/03/21 09:57:02 disconnect(1)
2021/03/21 09:57:02 disconnect(2)
2021/03/21 09:57:02 connect(0)
2021/03/21 09:57:02 connect(1)
2021/03/21 09:57:02 connect(2)
Test (2A): election after network failure
 ...
2021/03/21 09:57:02 [0] <Candidate> start election at term -1-
2021/03/21 09:57:02 [0] <Candidate> send Request Vote to 2 at term 1
2021/03/21 09:57:02 [0] <Candidate> send Request Vote to 1 at term 1
2021/03/21 09:57:02 [2] <Follower> RequestVote at term 0
2021/03/21 09:57:02 [2] <Follower> RequestVote term -> 1 state->Follower
2021/03/21 09:57:02 [2] <Follower> RequestVote vote for 0 at term 1
2021/03/21 09:57:02 [1] <Follower> RequestVote at term 0
2021/03/21 09:57:02 [1] <Follower> RequestVote term -> 1 state->Follower
2021/03/21 09:57:02 [1] <Follower> RequestVote vote for 0 at term 1
2021/03/21 09:57:02 [0] <Candidate> got vote 2 -> 0 at term 1
2021/03/21 09:57:02 [0] <Candidate> finished: 2
2021/03/21 09:57:02 [0] <Candidate> got 2 votes and became Leader at term 1
2021/03/21 09:57:02 [0] <Leader> establish its authority to 2 at term 1
2021/03/21 09:57:02 [0] <Leader> establish its authority to 1 at term 1
2021/03/21 09:57:02 [0] <Leader> got vote 1 -> 0 at term 1
2021/03/21 09:57:02 disconnect(0)
2021/03/21 09:57:03 [1] <Candidate> start election at term -2-
2021/03/21 09:57:03 [1] <Candidate> send Request Vote to 2 at term 2
2021/03/21 09:57:03 [1] <Candidate> send Request Vote to 0 at term 2
2021/03/21 09:57:03 [2] <Follower> RequestVote at term 1
2021/03/21 09:57:03 [2] <Follower> RequestVote term -> 2 state->Follower
2021/03/21 09:57:03 [2] <Follower> RequestVote vote for 1 at term 2
2021/03/21 09:57:03 [1] <Candidate> got vote 2 -> 1 at term 2
2021/03/21 09:57:03 [1] <Candidate> finished: 2
2021/03/21 09:57:03 [1] <Candidate> got 2 votes and became Leader at term 2
2021/03/21 09:57:03 [1] <Leader> establish its authority to 2 at term 2
2021/03/21 09:57:03 [1] <Leader> establish its authority to 0 at term 2
2021/03/21 09:57:03 pass: leader disconnects
2021/03/21 09:57:03 connect(0)
2021/03/21 09:57:03 [1] <Leader> AppendEntries from old leader at term 2
2021/03/21 09:57:03 [2] <Follower> AppendEntries from old leader at term 2
2021/03/21 09:57:03 [0] <Leader> callAppendEntries to 1, old leader, term -> 2, state -> Follower
2021/03/21 09:57:03 [0] <Candidate> start election at term -3-
2021/03/21 09:57:03 [0] <Candidate> send Request Vote to 2 at term 3
2021/03/21 09:57:03 [0] <Candidate> send Request Vote to 1 at term 3
2021/03/21 09:57:03 [2] <Follower> RequestVote at term 2
2021/03/21 09:57:03 [2] <Follower> RequestVote term -> 3 state->Follower
2021/03/21 09:57:03 [2] <Follower> RequestVote vote for 0 at term 3
2021/03/21 09:57:03 [1] <Leader> RequestVote at term 2
2021/03/21 09:57:03 [1] <Leader> RequestVote term -> 3 state->Follower
2021/03/21 09:57:03 [1] <Follower> RequestVote vote for 0 at term 3
2021/03/21 09:57:03 [0] <Candidate> got vote 2 -> 0 at term 3
2021/03/21 09:57:03 [0] <Candidate> finished: 2
2021/03/21 09:57:03 [0] <Candidate> got 2 votes and became Leader at term 3
2021/03/21 09:57:03 [0] <Leader> establish its authority to 2 at term 3
2021/03/21 09:57:03 [0] <Leader> establish its authority to 1 at term 3
2021/03/21 09:57:03 [0] <Leader> got vote 1 -> 0 at term 3
2021/03/21 09:57:03 pass: old leader rejoins
2021/03/21 09:57:03 disconnect(0)
2021/03/21 09:57:03 disconnect(1)
2021/03/21 09:57:04 [1] <Candidate> start election at term -4-
2021/03/21 09:57:04 [1] <Candidate> send Request Vote to 2 at term 4
2021/03/21 09:57:04 [1] <Candidate> send Request Vote to 0 at term 4
2021/03/21 09:57:04 [2] <Candidate> start election at term -4-
2021/03/21 09:57:04 [2] <Candidate> send Request Vote to 1 at term 4
2021/03/21 09:57:04 [2] <Candidate> send Request Vote to 0 at term 4
2021/03/21 09:57:04 [2] <Candidate> failed to sendRequestVote to 1 at term 4
2021/03/21 09:57:04 [2] <Candidate> didn't get a vote from 1 at term 4
2021/03/21 09:57:05 pass: no quorum
2021/03/21 09:57:05 connect(1)
2021/03/21 09:57:06 [2] <Candidate> failed to sendRequestVote to 0 at term 4
2021/03/21 09:57:06 [2] <Candidate> didn't get a vote from 0 at term 4
2021/03/21 09:57:06 [2] <Candidate> finished: 3
2021/03/21 09:57:06 [2] <Candidate> lose the election at term 4, state -> Follower
2021/03/21 09:57:06 [2] <Candidate> start election at term -5-
2021/03/21 09:57:06 [2] <Candidate> send Request Vote to 1 at term 5
2021/03/21 09:57:06 [2] <Candidate> send Request Vote to 0 at term 5
2021/03/21 09:57:06 [1] <Candidate> RequestVote at term 4
2021/03/21 09:57:06 [1] <Candidate> RequestVote term -> 5 state->Follower
2021/03/21 09:57:06 [1] <Follower> RequestVote vote for 2 at term 5
2021/03/21 09:57:06 [2] <Candidate> got vote 1 -> 2 at term 5
2021/03/21 09:57:06 [2] <Candidate> finished: 2
2021/03/21 09:57:06 [2] <Candidate> got 2 votes and became Leader at term 5
2021/03/21 09:57:06 [2] <Leader> establish its authority to 1 at term 5
2021/03/21 09:57:06 [2] <Leader> establish its authority to 0 at term 5
2021/03/21 09:57:06 pass:  a quorum arises
2021/03/21 09:57:06 connect(0)
2021/03/21 09:57:07 [2] <Leader> AppendEntries from old leader at term 5
2021/03/21 09:57:07 [1] <Follower> AppendEntries from old leader at term 5
2021/03/21 09:57:07 [0] <Leader> AppendEntries term -> 5
2021/03/21 09:57:07 [0] <Leader> AppendEntries state -> Follower
  ... Passed --   5.0  3  122   10008    0
PASS
ok  	_/Users/cage/workspace/My6.824/src/raft	8.248s
