2021/03/21 10:01:38 disconnect(0)
2021/03/21 10:01:38 disconnect(1)
2021/03/21 10:01:38 disconnect(2)
2021/03/21 10:01:38 connect(0)
2021/03/21 10:01:38 connect(1)
2021/03/21 10:01:38 connect(2)
Test (2A): initial election ...
2021/03/21 10:01:38 [0] <Candidate> start election at term -1-
2021/03/21 10:01:38 [0] <Candidate> send Request Vote to 2 at term 1
2021/03/21 10:01:38 [0] <Candidate> send Request Vote to 1 at term 1
2021/03/21 10:01:38 [2] <Follower> RequestVote at term 0
2021/03/21 10:01:38 [1] <Follower> RequestVote at term 0
2021/03/21 10:01:38 [1] <Follower> RequestVote term -> 1 state->Follower
2021/03/21 10:01:38 [2] <Follower> RequestVote term -> 1 state->Follower
2021/03/21 10:01:38 [1] <Follower> RequestVote vote for 0 at term 1
2021/03/21 10:01:38 [2] <Follower> RequestVote vote for 0 at term 1
2021/03/21 10:01:38 [0] <Candidate> got vote 1 -> 0 at term 1
2021/03/21 10:01:38 [0] <Candidate> finished: 2
2021/03/21 10:01:38 [0] <Candidate> got 2 votes and became Leader at term 1
2021/03/21 10:01:38 [0] <Leader> establish its authority to 2 at term 1
2021/03/21 10:01:38 [0] <Leader> got vote 2 -> 0 at term 1
2021/03/21 10:01:38 [0] <Leader> establish its authority to 1 at term 1
  ... Passed --   3.0  3   54    6594    0
2021/03/21 10:01:41 disconnect(0)
2021/03/21 10:01:41 disconnect(1)
2021/03/21 10:01:41 disconnect(2)
2021/03/21 10:01:41 connect(0)
2021/03/21 10:01:41 connect(1)
2021/03/21 10:01:41 connect(2)
Test (2A): election after network failure
 ...
2021/03/21 10:01:41 [1] <Candidate> start election at term -1-
2021/03/21 10:01:41 [1] <Candidate> send Request Vote to 2 at term 1
2021/03/21 10:01:41 [1] <Candidate> send Request Vote to 0 at term 1
2021/03/21 10:01:41 [2] <Follower> RequestVote at term 0
2021/03/21 10:01:41 [2] <Follower> RequestVote term -> 1 state->Follower
2021/03/21 10:01:41 [2] <Follower> RequestVote vote for 1 at term 1
2021/03/21 10:01:41 [0] <Follower> RequestVote at term 0
2021/03/21 10:01:41 [0] <Follower> RequestVote term -> 1 state->Follower
2021/03/21 10:01:41 [0] <Follower> RequestVote vote for 1 at term 1
2021/03/21 10:01:41 [1] <Candidate> got vote 2 -> 1 at term 1
2021/03/21 10:01:41 [1] <Candidate> finished: 2
2021/03/21 10:01:41 [1] <Candidate> got 2 votes and became Leader at term 1
2021/03/21 10:01:41 [1] <Leader> establish its authority to 2 at term 1
2021/03/21 10:01:41 [1] <Leader> got vote 0 -> 1 at term 1
2021/03/21 10:01:41 [1] <Leader> establish its authority to 0 at term 1
2021/03/21 10:01:42 disconnect(1)
2021/03/21 10:01:42 [2] <Candidate> start election at term -2-
2021/03/21 10:01:42 [2] <Candidate> send Request Vote to 1 at term 2
2021/03/21 10:01:42 [2] <Candidate> send Request Vote to 0 at term 2
2021/03/21 10:01:42 [0] <Follower> RequestVote at term 1
2021/03/21 10:01:42 [0] <Follower> RequestVote term -> 2 state->Follower
2021/03/21 10:01:42 [0] <Follower> RequestVote vote for 2 at term 2
2021/03/21 10:01:42 [2] <Candidate> got vote 0 -> 2 at term 2
2021/03/21 10:01:42 [2] <Candidate> finished: 2
2021/03/21 10:01:42 [2] <Candidate> got 2 votes and became Leader at term 2
2021/03/21 10:01:42 [2] <Leader> establish its authority to 1 at term 2
2021/03/21 10:01:42 [2] <Leader> establish its authority to 0 at term 2
2021/03/21 10:01:42 pass: leader disconnects
2021/03/21 10:01:42 connect(1)
2021/03/21 10:01:42 [2] <Leader> AppendEntries from old leader at term 2
2021/03/21 10:01:42 [1] <Leader> AppendEntries term -> 2
2021/03/21 10:01:42 [1] <Leader> AppendEntries state -> Follower
2021/03/21 10:01:42 [0] <Follower> AppendEntries from old leader at term 2
2021/03/21 10:01:43 pass: old leader rejoins
2021/03/21 10:01:43 disconnect(2)
2021/03/21 10:01:43 disconnect(0)
2021/03/21 10:01:43 [1] <Candidate> start election at term -3-
2021/03/21 10:01:43 [1] <Candidate> send Request Vote to 2 at term 3
2021/03/21 10:01:43 [1] <Candidate> send Request Vote to 0 at term 3
2021/03/21 10:01:43 [0] <Candidate> start election at term -3-
2021/03/21 10:01:43 [0] <Candidate> send Request Vote to 2 at term 3
2021/03/21 10:01:43 [0] <Candidate> send Request Vote to 1 at term 3
2021/03/21 10:01:43 [1] <Candidate> failed to sendRequestVote to 2 at term 3
2021/03/21 10:01:43 [1] <Candidate> didn't get a vote from 2 at term 3
2021/03/21 10:01:45 pass: no quorum
2021/03/21 10:01:45 connect(0)
2021/03/21 10:01:46 [0] <Candidate> failed to sendRequestVote to 1 at term 3
2021/03/21 10:01:46 [0] <Candidate> didn't get a vote from 1 at term 3
2021/03/21 10:01:46 [2] <Leader> failed to establish its authority to 1 at term 2
2021/03/21 10:01:48 [0] <Candidate> failed to sendRequestVote to 2 at term 3
2021/03/21 10:01:48 [0] <Candidate> didn't get a vote from 2 at term 3
2021/03/21 10:01:48 [0] <Candidate> finished: 3
2021/03/21 10:01:48 [0] <Candidate> lose the election at term 3, state -> Follower
2021/03/21 10:01:48 [0] <Candidate> start election at term -4-
2021/03/21 10:01:48 [0] <Candidate> send Request Vote to 2 at term 4
2021/03/21 10:01:48 [0] <Candidate> send Request Vote to 1 at term 4
2021/03/21 10:01:48 [1] <Candidate> RequestVote at term 3
2021/03/21 10:01:48 [1] <Candidate> RequestVote term -> 4 state->Follower
2021/03/21 10:01:48 [1] <Follower> RequestVote vote for 0 at term 4
2021/03/21 10:01:48 [0] <Candidate> got vote 1 -> 0 at term 4
2021/03/21 10:01:48 [0] <Candidate> finished: 2
2021/03/21 10:01:48 [0] <Candidate> got 2 votes and became Leader at term 4
2021/03/21 10:01:48 [0] <Leader> establish its authority to 2 at term 4
2021/03/21 10:01:48 [0] <Leader> establish its authority to 1 at term 4
2021/03/21 10:01:48 [2] <Leader> failed to sendRequestVote to 1 at term 2
2021/03/21 10:01:48 [2] <Leader> didn't get a vote from 1 at term 2
2021/03/21 10:01:48 pass:  a quorum arises
2021/03/21 10:01:48 connect(2)
2021/03/21 10:01:49 [2] <Leader> AppendEntries term -> 4
2021/03/21 10:01:49 [2] <Leader> AppendEntries state -> Follower
2021/03/21 10:01:49 [1] <Follower> AppendEntries from old leader at term 4
2021/03/21 10:01:49 [0] <Leader> AppendEntries from old leader at term 4
  ... Passed --   7.8  3  168   12614    0
PASS
ok  	_/Users/cage/workspace/My6.824/src/raft	10.930s
