2021/03/21 10:01:49 disconnect(0)
2021/03/21 10:01:49 disconnect(1)
2021/03/21 10:01:49 disconnect(2)
2021/03/21 10:01:49 connect(0)
2021/03/21 10:01:49 connect(1)
2021/03/21 10:01:49 connect(2)
Test (2A): initial election ...
2021/03/21 10:01:50 [1] <Candidate> start election at term -1-
2021/03/21 10:01:50 [1] <Candidate> send Request Vote to 2 at term 1
2021/03/21 10:01:50 [1] <Candidate> send Request Vote to 0 at term 1
2021/03/21 10:01:50 [2] <Follower> RequestVote at term 0
2021/03/21 10:01:50 [2] <Follower> RequestVote term -> 1 state->Follower
2021/03/21 10:01:50 [2] <Follower> RequestVote vote for 1 at term 1
2021/03/21 10:01:50 [0] <Follower> RequestVote at term 0
2021/03/21 10:01:50 [0] <Follower> RequestVote term -> 1 state->Follower
2021/03/21 10:01:50 [0] <Follower> RequestVote vote for 1 at term 1
2021/03/21 10:01:50 [1] <Candidate> got vote 2 -> 1 at term 1
2021/03/21 10:01:50 [1] <Candidate> finished: 2
2021/03/21 10:01:50 [1] <Candidate> got 2 votes and became Leader at term 1
2021/03/21 10:01:50 [1] <Leader> establish its authority to 2 at term 1
2021/03/21 10:01:50 [1] <Leader> got vote 0 -> 1 at term 1
2021/03/21 10:01:50 [1] <Leader> establish its authority to 0 at term 1
  ... Passed --   3.0  3   54    6702    0
2021/03/21 10:01:52 disconnect(0)
2021/03/21 10:01:52 disconnect(1)
2021/03/21 10:01:52 disconnect(2)
2021/03/21 10:01:52 connect(0)
2021/03/21 10:01:52 connect(1)
2021/03/21 10:01:52 connect(2)
Test (2A): election after network failure
 ...
2021/03/21 10:01:53 [0] <Candidate> start election at term -1-
2021/03/21 10:01:53 [0] <Candidate> send Request Vote to 2 at term 1
2021/03/21 10:01:53 [0] <Candidate> send Request Vote to 1 at term 1
2021/03/21 10:01:53 [2] <Follower> RequestVote at term 0
2021/03/21 10:01:53 [2] <Follower> RequestVote term -> 1 state->Follower
2021/03/21 10:01:53 [1] <Follower> RequestVote at term 0
2021/03/21 10:01:53 [1] <Follower> RequestVote term -> 1 state->Follower
2021/03/21 10:01:53 [2] <Follower> RequestVote vote for 0 at term 1
2021/03/21 10:01:53 [1] <Follower> RequestVote vote for 0 at term 1
2021/03/21 10:01:53 [0] <Candidate> got vote 2 -> 0 at term 1
2021/03/21 10:01:53 [0] <Candidate> finished: 2
2021/03/21 10:01:53 [0] <Candidate> got 2 votes and became Leader at term 1
2021/03/21 10:01:53 [0] <Leader> got vote 1 -> 0 at term 1
2021/03/21 10:01:53 [0] <Leader> establish its authority to 2 at term 1
2021/03/21 10:01:53 [0] <Leader> establish its authority to 1 at term 1
2021/03/21 10:01:53 disconnect(0)
2021/03/21 10:01:53 [2] <Candidate> start election at term -2-
2021/03/21 10:01:53 [2] <Candidate> send Request Vote to 1 at term 2
2021/03/21 10:01:53 [2] <Candidate> send Request Vote to 0 at term 2
2021/03/21 10:01:53 [1] <Follower> RequestVote at term 1
2021/03/21 10:01:53 [1] <Follower> RequestVote term -> 2 state->Follower
2021/03/21 10:01:53 [1] <Follower> RequestVote vote for 2 at term 2
2021/03/21 10:01:53 [2] <Candidate> got vote 1 -> 2 at term 2
2021/03/21 10:01:53 [2] <Candidate> finished: 2
2021/03/21 10:01:53 [2] <Candidate> got 2 votes and became Leader at term 2
2021/03/21 10:01:53 [2] <Leader> establish its authority to 1 at term 2
2021/03/21 10:01:53 [2] <Leader> establish its authority to 0 at term 2
2021/03/21 10:01:53 [2] <Leader> failed to sendRequestVote to 0 at term 2
2021/03/21 10:01:53 [2] <Leader> didn't get a vote from 0 at term 2
2021/03/21 10:01:53 pass: leader disconnects
2021/03/21 10:01:53 connect(0)
2021/03/21 10:01:53 [0] <Leader> AppendEntries term -> 2
2021/03/21 10:01:53 [0] <Leader> AppendEntries state -> Follower
2021/03/21 10:01:54 pass: old leader rejoins
2021/03/21 10:01:54 disconnect(2)
2021/03/21 10:01:54 disconnect(0)
2021/03/21 10:01:54 [0] <Candidate> start election at term -3-
2021/03/21 10:01:54 [0] <Candidate> send Request Vote to 1 at term 3
2021/03/21 10:01:54 [0] <Candidate> send Request Vote to 2 at term 3
2021/03/21 10:01:54 [1] <Candidate> start election at term -3-
2021/03/21 10:01:54 [1] <Candidate> send Request Vote to 2 at term 3
2021/03/21 10:01:54 [1] <Candidate> send Request Vote to 0 at term 3
2021/03/21 10:01:55 [1] <Candidate> failed to sendRequestVote to 2 at term 3
2021/03/21 10:01:55 [1] <Candidate> didn't get a vote from 2 at term 3
2021/03/21 10:01:56 [1] <Candidate> failed to sendRequestVote to 0 at term 3
2021/03/21 10:01:56 [1] <Candidate> didn't get a vote from 0 at term 3
2021/03/21 10:01:56 [1] <Candidate> finished: 3
2021/03/21 10:01:56 [1] <Candidate> lose the election at term 3, state -> Follower
2021/03/21 10:01:56 [1] <Candidate> start election at term -4-
2021/03/21 10:01:56 [1] <Candidate> send Request Vote to 2 at term 4
2021/03/21 10:01:56 [1] <Candidate> send Request Vote to 0 at term 4
2021/03/21 10:01:56 pass: no quorum
2021/03/21 10:01:56 connect(0)
2021/03/21 10:01:56 [0] <Candidate> failed to sendRequestVote to 2 at term 3
2021/03/21 10:01:56 [0] <Candidate> didn't get a vote from 2 at term 3
2021/03/21 10:01:57 [0] <Candidate> failed to sendRequestVote to 1 at term 3
2021/03/21 10:01:57 [0] <Candidate> didn't get a vote from 1 at term 3
2021/03/21 10:01:57 [0] <Candidate> finished: 3
2021/03/21 10:01:57 [0] <Candidate> lose the election at term 3, state -> Follower
2021/03/21 10:01:57 [0] <Candidate> start election at term -4-
2021/03/21 10:01:57 [0] <Candidate> send Request Vote to 2 at term 4
2021/03/21 10:01:57 [0] <Candidate> send Request Vote to 1 at term 4
2021/03/21 10:01:57 [1] <Candidate> RequestVote at term 4
2021/03/21 10:01:57 [1] <Candidate> RequestVote already vote for 1 at term 4
2021/03/21 10:01:57 [0] <Candidate> didn't get a vote from 1 at term 4
2021/03/21 10:02:00 [2] <Leader> failed to establish its authority to 0 at term 2
2021/03/21 10:02:01 [1] <Candidate> failed to sendRequestVote to 2 at term 4
2021/03/21 10:02:01 [1] <Candidate> didn't get a vote from 2 at term 4
--- FAIL: TestReElection2A (8.35s)
    config.go:330: expected one leader, got none
FAIL
exit status 1
FAIL	_/Users/cage/workspace/My6.824/src/raft	11.484s
