2021/03/21 10:02:44 disconnect(0)
2021/03/21 10:02:44 disconnect(1)
2021/03/21 10:02:44 disconnect(2)
2021/03/21 10:02:44 connect(0)
2021/03/21 10:02:44 connect(1)
2021/03/21 10:02:44 connect(2)
Test (2A): initial election ...
2021/03/21 10:02:44 [2] <Candidate> start election at term -1-
2021/03/21 10:02:44 [1] <Candidate> start election at term -1-
2021/03/21 10:02:44 [1] <Candidate> send Request Vote to 2 at term 1
2021/03/21 10:02:44 [2] <Candidate> send Request Vote to 0 at term 1
2021/03/21 10:02:44 [2] <Candidate> send Request Vote to 1 at term 1
2021/03/21 10:02:44 [1] <Candidate> send Request Vote to 0 at term 1
2021/03/21 10:02:44 [2] <Candidate> RequestVote at term 1
2021/03/21 10:02:44 [2] <Candidate> RequestVote already vote for 2 at term 1
2021/03/21 10:02:44 [0] <Follower> RequestVote at term 0
2021/03/21 10:02:44 [0] <Follower> RequestVote term -> 1 state->Follower
2021/03/21 10:02:44 [0] <Follower> RequestVote vote for 2 at term 1
2021/03/21 10:02:44 [1] <Candidate> RequestVote at term 1
2021/03/21 10:02:44 [1] <Candidate> RequestVote already vote for 1 at term 1
2021/03/21 10:02:44 [0] <Follower> RequestVote at term 1
2021/03/21 10:02:44 [1] <Candidate> didn't get a vote from 2 at term 1
2021/03/21 10:02:44 [0] <Follower> RequestVote already vote for 2 at term 1
2021/03/21 10:02:44 [2] <Candidate> got vote 0 -> 2 at term 1
2021/03/21 10:02:44 [2] <Candidate> didn't get a vote from 1 at term 1
2021/03/21 10:02:44 [2] <Candidate> finished: 3
2021/03/21 10:02:44 [1] <Candidate> didn't get a vote from 0 at term 1
2021/03/21 10:02:44 [2] <Candidate> got 2 votes and became Leader at term 1
2021/03/21 10:02:44 [1] <Candidate> finished: 3
2021/03/21 10:02:44 [2] <Leader> establish its authority to 1 at term 1
2021/03/21 10:02:44 [1] <Candidate> lose the election at term 1, state -> Follower
2021/03/21 10:02:44 [2] <Leader> establish its authority to 0 at term 1
  ... Passed --   3.0  3   56    6950    0
2021/03/21 10:02:47 disconnect(0)
2021/03/21 10:02:47 disconnect(1)
2021/03/21 10:02:47 disconnect(2)
2021/03/21 10:02:47 connect(0)
2021/03/21 10:02:47 connect(1)
2021/03/21 10:02:47 connect(2)
Test (2A): election after network failure
 ...
2021/03/21 10:02:47 [0] <Candidate> start election at term -1-
2021/03/21 10:02:47 [0] <Candidate> send Request Vote to 2 at term 1
2021/03/21 10:02:47 [0] <Candidate> send Request Vote to 1 at term 1
2021/03/21 10:02:47 [2] <Follower> RequestVote at term 0
2021/03/21 10:02:47 [2] <Follower> RequestVote term -> 1 state->Follower
2021/03/21 10:02:47 [2] <Follower> RequestVote vote for 0 at term 1
2021/03/21 10:02:47 [1] <Follower> RequestVote at term 0
2021/03/21 10:02:47 [1] <Follower> RequestVote term -> 1 state->Follower
2021/03/21 10:02:47 [1] <Follower> RequestVote vote for 0 at term 1
2021/03/21 10:02:47 [0] <Candidate> got vote 2 -> 0 at term 1
2021/03/21 10:02:47 [0] <Candidate> finished: 2
2021/03/21 10:02:47 [0] <Candidate> got 2 votes and became Leader at term 1
2021/03/21 10:02:47 [0] <Leader> establish its authority to 2 at term 1
2021/03/21 10:02:47 [0] <Leader> got vote 1 -> 0 at term 1
2021/03/21 10:02:47 [0] <Leader> establish its authority to 1 at term 1
2021/03/21 10:02:47 disconnect(0)
2021/03/21 10:02:48 [1] <Candidate> start election at term -2-
2021/03/21 10:02:48 [1] <Candidate> send Request Vote to 2 at term 2
2021/03/21 10:02:48 [1] <Candidate> send Request Vote to 0 at term 2
2021/03/21 10:02:48 [2] <Follower> RequestVote at term 1
2021/03/21 10:02:48 [2] <Follower> RequestVote term -> 2 state->Follower
2021/03/21 10:02:48 [2] <Follower> RequestVote vote for 1 at term 2
2021/03/21 10:02:48 [1] <Candidate> got vote 2 -> 1 at term 2
2021/03/21 10:02:48 [1] <Candidate> finished: 2
2021/03/21 10:02:48 [1] <Candidate> got 2 votes and became Leader at term 2
2021/03/21 10:02:48 [1] <Leader> establish its authority to 2 at term 2
2021/03/21 10:02:48 [1] <Leader> establish its authority to 0 at term 2
2021/03/21 10:02:48 pass: leader disconnects
2021/03/21 10:02:48 connect(0)
2021/03/21 10:02:48 [2] <Follower> AppendEntries from old leader at term 2
2021/03/21 10:02:48 [1] <Leader> AppendEntries from old leader at term 2
2021/03/21 10:02:48 [0] <Leader> AppendEntries term -> 2
2021/03/21 10:02:48 [0] <Leader> AppendEntries state -> Follower
2021/03/21 10:02:48 pass: old leader rejoins
2021/03/21 10:02:48 disconnect(1)
2021/03/21 10:02:48 disconnect(2)
2021/03/21 10:02:49 [1] <Leader> failed to sendRequestVote to 0 at term 2
2021/03/21 10:02:49 [1] <Leader> didn't get a vote from 0 at term 2
2021/03/21 10:02:49 [2] <Candidate> start election at term -3-
2021/03/21 10:02:49 [2] <Candidate> send Request Vote to 1 at term 3
2021/03/21 10:02:49 [2] <Candidate> send Request Vote to 0 at term 3
2021/03/21 10:02:49 [0] <Candidate> start election at term -3-
2021/03/21 10:02:49 [0] <Candidate> send Request Vote to 2 at term 3
2021/03/21 10:02:49 [0] <Candidate> send Request Vote to 1 at term 3
2021/03/21 10:02:50 [2] <Candidate> failed to sendRequestVote to 1 at term 3
2021/03/21 10:02:50 [2] <Candidate> didn't get a vote from 1 at term 3
2021/03/21 10:02:50 pass: no quorum
2021/03/21 10:02:50 connect(2)
2021/03/21 10:02:50 [1] <Leader> failed to establish its authority to 0 at term 2
2021/03/21 10:02:52 [0] <Candidate> failed to sendRequestVote to 1 at term 3
2021/03/21 10:02:52 [0] <Candidate> didn't get a vote from 1 at term 3
2021/03/21 10:02:52 [0] <Candidate> failed to sendRequestVote to 2 at term 3
2021/03/21 10:02:52 [0] <Candidate> didn't get a vote from 2 at term 3
2021/03/21 10:02:52 [0] <Candidate> finished: 3
2021/03/21 10:02:52 [0] <Candidate> lose the election at term 3, state -> Follower
2021/03/21 10:02:52 [0] <Candidate> start election at term -4-
2021/03/21 10:02:52 [0] <Candidate> send Request Vote to 2 at term 4
2021/03/21 10:02:52 [0] <Candidate> send Request Vote to 1 at term 4
2021/03/21 10:02:52 [2] <Candidate> RequestVote at term 3
2021/03/21 10:02:52 [2] <Candidate> RequestVote term -> 4 state->Follower
2021/03/21 10:02:52 [2] <Follower> RequestVote vote for 0 at term 4
2021/03/21 10:02:52 [0] <Candidate> got vote 2 -> 0 at term 4
2021/03/21 10:02:52 [0] <Candidate> finished: 2
2021/03/21 10:02:52 [0] <Candidate> got 2 votes and became Leader at term 4
2021/03/21 10:02:52 [0] <Leader> establish its authority to 2 at term 4
2021/03/21 10:02:52 [0] <Leader> establish its authority to 1 at term 4
2021/03/21 10:02:52 pass:  a quorum arises
2021/03/21 10:02:52 connect(1)
2021/03/21 10:02:52 [2] <Follower> AppendEntries from old leader at term 4
2021/03/21 10:02:52 [0] <Leader> AppendEntries from old leader at term 4
2021/03/21 10:02:52 [1] <Leader> AppendEntries term -> 4
2021/03/21 10:02:52 [1] <Leader> AppendEntries state -> Follower
  ... Passed --   6.0  3  130   10048    0
PASS
ok  	_/Users/cage/workspace/My6.824/src/raft	9.062s
