2021/03/21 10:03:18 disconnect(0)
2021/03/21 10:03:18 disconnect(1)
2021/03/21 10:03:18 disconnect(2)
2021/03/21 10:03:18 connect(0)
2021/03/21 10:03:18 connect(1)
2021/03/21 10:03:18 connect(2)
Test (2A): initial election ...
2021/03/21 10:03:18 [1] <Candidate> start election at term -1-
2021/03/21 10:03:18 [1] <Candidate> send Request Vote to 2 at term 1
2021/03/21 10:03:18 [1] <Candidate> send Request Vote to 0 at term 1
2021/03/21 10:03:18 [0] <Follower> RequestVote at term 0
2021/03/21 10:03:18 [0] <Follower> RequestVote term -> 1 state->Follower
2021/03/21 10:03:18 [0] <Follower> RequestVote vote for 1 at term 1
2021/03/21 10:03:18 [2] <Follower> RequestVote at term 0
2021/03/21 10:03:18 [2] <Follower> RequestVote term -> 1 state->Follower
2021/03/21 10:03:18 [2] <Follower> RequestVote vote for 1 at term 1
2021/03/21 10:03:18 [1] <Candidate> got vote 0 -> 1 at term 1
2021/03/21 10:03:18 [1] <Candidate> finished: 2
2021/03/21 10:03:18 [1] <Candidate> got 2 votes and became Leader at term 1
2021/03/21 10:03:18 [1] <Leader> got vote 2 -> 1 at term 1
2021/03/21 10:03:18 [1] <Leader> establish its authority to 2 at term 1
2021/03/21 10:03:18 [1] <Leader> establish its authority to 0 at term 1
  ... Passed --   3.1  3   56    6950    0
2021/03/21 10:03:21 disconnect(0)
2021/03/21 10:03:21 disconnect(1)
2021/03/21 10:03:21 disconnect(2)
2021/03/21 10:03:21 connect(0)
2021/03/21 10:03:21 connect(1)
2021/03/21 10:03:21 connect(2)
Test (2A): election after network failure
 ...
2021/03/21 10:03:22 [1] <Candidate> start election at term -1-
2021/03/21 10:03:22 [1] <Candidate> send Request Vote to 2 at term 1
2021/03/21 10:03:22 [1] <Candidate> send Request Vote to 0 at term 1
2021/03/21 10:03:22 [2] <Follower> RequestVote at term 0
2021/03/21 10:03:22 [2] <Follower> RequestVote term -> 1 state->Follower
2021/03/21 10:03:22 [0] <Follower> RequestVote at term 0
2021/03/21 10:03:22 [0] <Follower> RequestVote term -> 1 state->Follower
2021/03/21 10:03:22 [2] <Follower> RequestVote vote for 1 at term 1
2021/03/21 10:03:22 [0] <Follower> RequestVote vote for 1 at term 1
2021/03/21 10:03:22 [1] <Candidate> got vote 2 -> 1 at term 1
2021/03/21 10:03:22 [1] <Candidate> finished: 2
2021/03/21 10:03:22 [1] <Candidate> got 2 votes and became Leader at term 1
2021/03/21 10:03:22 [1] <Leader> establish its authority to 2 at term 1
2021/03/21 10:03:22 [1] <Leader> got vote 0 -> 1 at term 1
2021/03/21 10:03:22 [1] <Leader> establish its authority to 0 at term 1
2021/03/21 10:03:22 disconnect(1)
2021/03/21 10:03:22 [2] <Candidate> start election at term -2-
2021/03/21 10:03:22 [2] <Candidate> send Request Vote to 1 at term 2
2021/03/21 10:03:22 [2] <Candidate> send Request Vote to 0 at term 2
2021/03/21 10:03:22 [0] <Follower> RequestVote at term 1
2021/03/21 10:03:22 [0] <Follower> RequestVote term -> 2 state->Follower
2021/03/21 10:03:22 [0] <Follower> RequestVote vote for 2 at term 2
2021/03/21 10:03:22 [2] <Candidate> got vote 0 -> 2 at term 2
2021/03/21 10:03:22 [2] <Candidate> finished: 2
2021/03/21 10:03:22 [2] <Candidate> got 2 votes and became Leader at term 2
2021/03/21 10:03:22 [2] <Leader> establish its authority to 1 at term 2
2021/03/21 10:03:22 [2] <Leader> establish its authority to 0 at term 2
2021/03/21 10:03:22 pass: leader disconnects
2021/03/21 10:03:22 connect(1)
2021/03/21 10:03:22 [0] <Follower> AppendEntries from old leader at term 2
2021/03/21 10:03:22 [2] <Leader> AppendEntries from old leader at term 2
2021/03/21 10:03:22 [1] <Leader> callAppendEntries to 0, old leader, term -> 2, state -> Follower
2021/03/21 10:03:22 [1] <Candidate> start election at term -3-
2021/03/21 10:03:22 [1] <Candidate> send Request Vote to 2 at term 3
2021/03/21 10:03:22 [1] <Candidate> send Request Vote to 0 at term 3
2021/03/21 10:03:22 [2] <Leader> RequestVote at term 2
2021/03/21 10:03:22 [2] <Leader> RequestVote term -> 3 state->Follower
2021/03/21 10:03:22 [2] <Follower> RequestVote vote for 1 at term 3
2021/03/21 10:03:22 [0] <Follower> RequestVote at term 2
2021/03/21 10:03:22 [0] <Follower> RequestVote term -> 3 state->Follower
2021/03/21 10:03:22 [0] <Follower> RequestVote vote for 1 at term 3
2021/03/21 10:03:22 [1] <Candidate> got vote 2 -> 1 at term 3
2021/03/21 10:03:22 [1] <Candidate> finished: 2
2021/03/21 10:03:22 [1] <Candidate> got 2 votes and became Leader at term 3
2021/03/21 10:03:22 [1] <Leader> got vote 0 -> 1 at term 3
2021/03/21 10:03:22 [1] <Leader> establish its authority to 0 at term 3
2021/03/21 10:03:22 [1] <Leader> establish its authority to 2 at term 3
2021/03/21 10:03:23 pass: old leader rejoins
2021/03/21 10:03:23 disconnect(1)
2021/03/21 10:03:23 disconnect(2)
2021/03/21 10:03:23 [2] <Candidate> start election at term -4-
2021/03/21 10:03:23 [2] <Candidate> send Request Vote to 1 at term 4
2021/03/21 10:03:23 [2] <Candidate> send Request Vote to 0 at term 4
2021/03/21 10:03:23 [0] <Candidate> start election at term -4-
2021/03/21 10:03:23 [0] <Candidate> send Request Vote to 2 at term 4
2021/03/21 10:03:23 [0] <Candidate> send Request Vote to 1 at term 4
2021/03/21 10:03:23 [2] <Candidate> failed to sendRequestVote to 0 at term 4
2021/03/21 10:03:23 [2] <Candidate> didn't get a vote from 0 at term 4
2021/03/21 10:03:23 [2] <Candidate> failed to sendRequestVote to 1 at term 4
2021/03/21 10:03:23 [2] <Candidate> didn't get a vote from 1 at term 4
2021/03/21 10:03:23 [2] <Candidate> finished: 3
2021/03/21 10:03:23 [2] <Candidate> lose the election at term 4, state -> Follower
2021/03/21 10:03:23 [2] <Candidate> start election at term -5-
2021/03/21 10:03:23 [2] <Candidate> send Request Vote to 1 at term 5
2021/03/21 10:03:23 [2] <Candidate> send Request Vote to 0 at term 5
2021/03/21 10:03:25 [2] <Candidate> failed to establish its authority to 1 at term 2
2021/03/21 10:03:25 pass: no quorum
2021/03/21 10:03:25 connect(2)
2021/03/21 10:03:25 [2] <Candidate> failed to sendRequestVote to 0 at term 5
2021/03/21 10:03:25 [2] <Candidate> didn't get a vote from 0 at term 5
2021/03/21 10:03:25 [0] <Candidate> failed to sendRequestVote to 1 at term 4
2021/03/21 10:03:25 [0] <Candidate> didn't get a vote from 1 at term 4
2021/03/21 10:03:27 [2] <Candidate> failed to sendRequestVote to 1 at term 5
2021/03/21 10:03:27 [2] <Candidate> didn't get a vote from 1 at term 5
2021/03/21 10:03:27 [2] <Candidate> finished: 3
2021/03/21 10:03:27 [2] <Candidate> lose the election at term 5, state -> Follower
2021/03/21 10:03:27 [2] <Candidate> start election at term -6-
2021/03/21 10:03:27 [2] <Candidate> send Request Vote to 1 at term 6
2021/03/21 10:03:27 [2] <Candidate> send Request Vote to 0 at term 6
2021/03/21 10:03:27 [0] <Candidate> RequestVote at term 4
2021/03/21 10:03:27 [0] <Candidate> RequestVote term -> 6 state->Follower
2021/03/21 10:03:27 [0] <Follower> RequestVote vote for 2 at term 6
2021/03/21 10:03:27 [2] <Candidate> got vote 0 -> 2 at term 6
2021/03/21 10:03:27 [2] <Candidate> finished: 2
2021/03/21 10:03:27 [2] <Candidate> got 2 votes and became Leader at term 6
2021/03/21 10:03:27 [2] <Leader> establish its authority to 1 at term 6
2021/03/21 10:03:27 [2] <Leader> establish its authority to 0 at term 6
2021/03/21 10:03:27 pass:  a quorum arises
2021/03/21 10:03:27 connect(1)
2021/03/21 10:03:27 [1] <Leader> AppendEntries term -> 6
2021/03/21 10:03:27 [1] <Leader> AppendEntries state -> Follower
  ... Passed --   6.6  3  148   11426    0
PASS
ok  	_/Users/cage/workspace/My6.824/src/raft	9.836s
