2021/03/21 09:57:08 disconnect(0)
2021/03/21 09:57:08 disconnect(1)
2021/03/21 09:57:08 disconnect(2)
2021/03/21 09:57:08 connect(0)
2021/03/21 09:57:08 connect(1)
2021/03/21 09:57:08 connect(2)
Test (2A): initial election ...
2021/03/21 09:57:08 [0] <Candidate> start election at term -1-
2021/03/21 09:57:08 [1] <Candidate> start election at term -1-
2021/03/21 09:57:08 [1] <Candidate> send Request Vote to 2 at term 1
2021/03/21 09:57:08 [0] <Candidate> send Request Vote to 1 at term 1
2021/03/21 09:57:08 [0] <Candidate> send Request Vote to 2 at term 1
2021/03/21 09:57:08 [1] <Candidate> send Request Vote to 0 at term 1
2021/03/21 09:57:08 [0] <Candidate> RequestVote at term 1
2021/03/21 09:57:08 [0] <Candidate> RequestVote already vote for 0 at term 1
2021/03/21 09:57:08 [2] <Follower> RequestVote at term 0
2021/03/21 09:57:08 [2] <Follower> RequestVote term -> 1 state->Follower
2021/03/21 09:57:08 [2] <Follower> RequestVote vote for 1 at term 1
2021/03/21 09:57:08 [1] <Candidate> RequestVote at term 1
2021/03/21 09:57:08 [1] <Candidate> RequestVote already vote for 1 at term 1
2021/03/21 09:57:08 [2] <Follower> RequestVote at term 1
2021/03/21 09:57:08 [2] <Follower> RequestVote already vote for 1 at term 1
2021/03/21 09:57:08 [1] <Candidate> got vote 2 -> 1 at term 1
2021/03/21 09:57:08 [1] <Candidate> didn't get a vote from 0 at term 1
2021/03/21 09:57:08 [1] <Candidate> finished: 3
2021/03/21 09:57:08 [1] <Candidate> got 2 votes and became Leader at term 1
2021/03/21 09:57:08 [0] <Candidate> didn't get a vote from 1 at term 1
2021/03/21 09:57:08 [1] <Leader> establish its authority to 0 at term 1
2021/03/21 09:57:08 [0] <Candidate> didn't get a vote from 2 at term 1
2021/03/21 09:57:08 [0] <Candidate> finished: 3
2021/03/21 09:57:08 [0] <Candidate> lose the election at term 1, state -> Follower
2021/03/21 09:57:08 [1] <Leader> establish its authority to 2 at term 1
  ... Passed --   3.1  3   58    7194    0
2021/03/21 09:57:11 disconnect(0)
2021/03/21 09:57:11 disconnect(1)
2021/03/21 09:57:11 disconnect(2)
2021/03/21 09:57:11 connect(0)
2021/03/21 09:57:11 connect(1)
2021/03/21 09:57:11 connect(2)
Test (2A): election after network failure
 ...
2021/03/21 09:57:11 [2] <Candidate> start election at term -1-
2021/03/21 09:57:11 [2] <Candidate> send Request Vote to 1 at term 1
2021/03/21 09:57:11 [2] <Candidate> send Request Vote to 0 at term 1
2021/03/21 09:57:11 [1] <Follower> RequestVote at term 0
2021/03/21 09:57:11 [1] <Follower> RequestVote term -> 1 state->Follower
2021/03/21 09:57:11 [1] <Follower> RequestVote vote for 2 at term 1
2021/03/21 09:57:11 [0] <Follower> RequestVote at term 0
2021/03/21 09:57:11 [0] <Follower> RequestVote term -> 1 state->Follower
2021/03/21 09:57:11 [0] <Follower> RequestVote vote for 2 at term 1
2021/03/21 09:57:11 [2] <Candidate> got vote 1 -> 2 at term 1
2021/03/21 09:57:11 [2] <Candidate> finished: 2
2021/03/21 09:57:11 [2] <Candidate> got 2 votes and became Leader at term 1
2021/03/21 09:57:11 [2] <Leader> got vote 0 -> 2 at term 1
2021/03/21 09:57:11 [2] <Leader> establish its authority to 1 at term 1
2021/03/21 09:57:11 [2] <Leader> establish its authority to 0 at term 1
2021/03/21 09:57:11 disconnect(2)
2021/03/21 09:57:11 [1] <Candidate> start election at term -2-
2021/03/21 09:57:11 [1] <Candidate> send Request Vote to 2 at term 2
2021/03/21 09:57:11 [1] <Candidate> send Request Vote to 0 at term 2
2021/03/21 09:57:11 [0] <Follower> RequestVote at term 1
2021/03/21 09:57:11 [0] <Follower> RequestVote term -> 2 state->Follower
2021/03/21 09:57:11 [0] <Follower> RequestVote vote for 1 at term 2
2021/03/21 09:57:11 [1] <Candidate> got vote 0 -> 1 at term 2
2021/03/21 09:57:11 [1] <Candidate> finished: 2
2021/03/21 09:57:11 [1] <Candidate> got 2 votes and became Leader at term 2
2021/03/21 09:57:11 [1] <Leader> establish its authority to 2 at term 2
2021/03/21 09:57:11 [1] <Leader> establish its authority to 0 at term 2
2021/03/21 09:57:12 pass: leader disconnects
2021/03/21 09:57:12 connect(2)
2021/03/21 09:57:12 [2] <Leader> AppendEntries term -> 2
2021/03/21 09:57:12 [2] <Leader> AppendEntries state -> Follower
2021/03/21 09:57:12 [1] <Leader> AppendEntries from old leader at term 2
2021/03/21 09:57:12 [0] <Follower> AppendEntries from old leader at term 2
2021/03/21 09:57:12 pass: old leader rejoins
2021/03/21 09:57:12 disconnect(1)
2021/03/21 09:57:12 disconnect(2)
2021/03/21 09:57:12 [1] <Leader> failed to sendRequestVote to 2 at term 2
2021/03/21 09:57:12 [1] <Leader> didn't get a vote from 2 at term 2
2021/03/21 09:57:12 [2] <Candidate> start election at term -3-
2021/03/21 09:57:12 [2] <Candidate> send Request Vote to 1 at term 3
2021/03/21 09:57:12 [2] <Candidate> send Request Vote to 0 at term 3
2021/03/21 09:57:13 [0] <Candidate> start election at term -3-
2021/03/21 09:57:13 [0] <Candidate> send Request Vote to 2 at term 3
2021/03/21 09:57:13 [0] <Candidate> send Request Vote to 1 at term 3
2021/03/21 09:57:13 [2] <Candidate> failed to sendRequestVote to 0 at term 3
2021/03/21 09:57:13 [2] <Candidate> didn't get a vote from 0 at term 3
2021/03/21 09:57:14 pass: no quorum
2021/03/21 09:57:14 connect(2)
2021/03/21 09:57:16 [0] <Candidate> failed to sendRequestVote to 1 at term 3
2021/03/21 09:57:16 [0] <Candidate> didn't get a vote from 1 at term 3
2021/03/21 09:57:17 [2] <Candidate> failed to sendRequestVote to 1 at term 3
2021/03/21 09:57:17 [2] <Candidate> didn't get a vote from 1 at term 3
2021/03/21 09:57:17 [2] <Candidate> finished: 3
2021/03/21 09:57:17 [2] <Candidate> lose the election at term 3, state -> Follower
2021/03/21 09:57:17 [2] <Candidate> start election at term -4-
2021/03/21 09:57:17 [2] <Candidate> send Request Vote to 1 at term 4
2021/03/21 09:57:17 [2] <Candidate> send Request Vote to 0 at term 4
2021/03/21 09:57:17 [0] <Candidate> RequestVote at term 3
2021/03/21 09:57:17 [0] <Candidate> RequestVote term -> 4 state->Follower
2021/03/21 09:57:17 [0] <Follower> RequestVote vote for 2 at term 4
2021/03/21 09:57:17 [2] <Candidate> got vote 0 -> 2 at term 4
2021/03/21 09:57:17 [2] <Candidate> finished: 2
2021/03/21 09:57:17 [2] <Candidate> got 2 votes and became Leader at term 4
2021/03/21 09:57:17 [2] <Leader> establish its authority to 1 at term 4
2021/03/21 09:57:17 [2] <Leader> establish its authority to 0 at term 4
2021/03/21 09:57:17 pass:  a quorum arises
2021/03/21 09:57:17 connect(1)
2021/03/21 09:57:17 [1] <Leader> AppendEntries term -> 4
2021/03/21 09:57:17 [1] <Leader> AppendEntries state -> Follower
2021/03/21 09:57:17 [0] <Follower> failed to sendRequestVote to 2 at term 3
2021/03/21 09:57:17 [0] <Follower> didn't get a vote from 2 at term 3
2021/03/21 09:57:17 [0] <Follower> finished: 3
  ... Passed --   7.0  3  148   11170    0
PASS
ok  	_/Users/cage/workspace/My6.824/src/raft	10.438s
