2021/03/21 10:03:28 disconnect(0)
2021/03/21 10:03:28 disconnect(1)
2021/03/21 10:03:28 disconnect(2)
2021/03/21 10:03:28 connect(0)
2021/03/21 10:03:28 connect(1)
2021/03/21 10:03:28 connect(2)
Test (2A): initial election ...
2021/03/21 10:03:28 [1] <Candidate> start election at term -1-
2021/03/21 10:03:28 [2] <Candidate> start election at term -1-
2021/03/21 10:03:28 [1] <Candidate> send Request Vote to 2 at term 1
2021/03/21 10:03:28 [1] <Candidate> send Request Vote to 0 at term 1
2021/03/21 10:03:28 [2] <Candidate> send Request Vote to 1 at term 1
2021/03/21 10:03:28 [2] <Candidate> send Request Vote to 0 at term 1
2021/03/21 10:03:28 [0] <Follower> RequestVote at term 0
2021/03/21 10:03:28 [0] <Follower> RequestVote term -> 1 state->Follower
2021/03/21 10:03:28 [0] <Follower> RequestVote vote for 1 at term 1
2021/03/21 10:03:28 [2] <Candidate> RequestVote at term 1
2021/03/21 10:03:28 [2] <Candidate> RequestVote already vote for 2 at term 1
2021/03/21 10:03:28 [1] <Candidate> RequestVote at term 1
2021/03/21 10:03:28 [1] <Candidate> RequestVote already vote for 1 at term 1
2021/03/21 10:03:28 [0] <Follower> RequestVote at term 1
2021/03/21 10:03:28 [1] <Candidate> got vote 0 -> 1 at term 1
2021/03/21 10:03:28 [1] <Candidate> didn't get a vote from 2 at term 1
2021/03/21 10:03:28 [0] <Follower> RequestVote already vote for 1 at term 1
2021/03/21 10:03:28 [1] <Candidate> finished: 3
2021/03/21 10:03:28 [1] <Candidate> got 2 votes and became Leader at term 1
2021/03/21 10:03:28 [2] <Candidate> didn't get a vote from 1 at term 1
2021/03/21 10:03:28 [1] <Leader> establish its authority to 0 at term 1
2021/03/21 10:03:28 [2] <Candidate> didn't get a vote from 0 at term 1
2021/03/21 10:03:28 [2] <Candidate> finished: 3
2021/03/21 10:03:28 [1] <Leader> establish its authority to 2 at term 1
2021/03/21 10:03:28 [2] <Candidate> lose the election at term 1, state -> Follower
  ... Passed --   3.0  3   56    6950    0
2021/03/21 10:03:31 disconnect(0)
2021/03/21 10:03:31 disconnect(1)
2021/03/21 10:03:31 disconnect(2)
2021/03/21 10:03:31 connect(0)
2021/03/21 10:03:31 connect(1)
2021/03/21 10:03:31 connect(2)
Test (2A): election after network failure
 ...
2021/03/21 10:03:32 [1] <Candidate> start election at term -1-
2021/03/21 10:03:32 [1] <Candidate> send Request Vote to 2 at term 1
2021/03/21 10:03:32 [1] <Candidate> send Request Vote to 0 at term 1
2021/03/21 10:03:32 [0] <Follower> RequestVote at term 0
2021/03/21 10:03:32 [0] <Follower> RequestVote term -> 1 state->Follower
2021/03/21 10:03:32 [0] <Follower> RequestVote vote for 1 at term 1
2021/03/21 10:03:32 [2] <Follower> RequestVote at term 0
2021/03/21 10:03:32 [2] <Follower> RequestVote term -> 1 state->Follower
2021/03/21 10:03:32 [2] <Follower> RequestVote vote for 1 at term 1
2021/03/21 10:03:32 [1] <Candidate> got vote 0 -> 1 at term 1
2021/03/21 10:03:32 [1] <Candidate> finished: 2
2021/03/21 10:03:32 [1] <Candidate> got 2 votes and became Leader at term 1
2021/03/21 10:03:32 [1] <Leader> establish its authority to 2 at term 1
2021/03/21 10:03:32 [1] <Leader> got vote 2 -> 1 at term 1
2021/03/21 10:03:32 [1] <Leader> establish its authority to 0 at term 1
2021/03/21 10:03:32 disconnect(1)
2021/03/21 10:03:32 [0] <Candidate> start election at term -2-
2021/03/21 10:03:32 [0] <Candidate> send Request Vote to 2 at term 2
2021/03/21 10:03:32 [0] <Candidate> send Request Vote to 1 at term 2
2021/03/21 10:03:32 [2] <Follower> RequestVote at term 1
2021/03/21 10:03:32 [2] <Follower> RequestVote term -> 2 state->Follower
2021/03/21 10:03:32 [2] <Follower> RequestVote vote for 0 at term 2
2021/03/21 10:03:32 [0] <Candidate> got vote 2 -> 0 at term 2
2021/03/21 10:03:32 [0] <Candidate> finished: 2
2021/03/21 10:03:32 [0] <Candidate> got 2 votes and became Leader at term 2
2021/03/21 10:03:32 [0] <Leader> establish its authority to 2 at term 2
2021/03/21 10:03:32 [0] <Leader> establish its authority to 1 at term 2
2021/03/21 10:03:32 pass: leader disconnects
2021/03/21 10:03:32 connect(1)
2021/03/21 10:03:32 [1] <Leader> AppendEntries term -> 2
2021/03/21 10:03:32 [1] <Leader> AppendEntries state -> Follower
2021/03/21 10:03:33 pass: old leader rejoins
2021/03/21 10:03:33 disconnect(0)
2021/03/21 10:03:33 disconnect(1)
2021/03/21 10:03:33 [2] <Candidate> start election at term -3-
2021/03/21 10:03:33 [2] <Candidate> send Request Vote to 1 at term 3
2021/03/21 10:03:33 [2] <Candidate> send Request Vote to 0 at term 3
2021/03/21 10:03:33 [1] <Candidate> start election at term -3-
2021/03/21 10:03:33 [1] <Candidate> send Request Vote to 2 at term 3
2021/03/21 10:03:33 [1] <Candidate> send Request Vote to 0 at term 3
2021/03/21 10:03:34 [2] <Candidate> failed to sendRequestVote to 1 at term 3
2021/03/21 10:03:34 [2] <Candidate> didn't get a vote from 1 at term 3
2021/03/21 10:03:34 [1] <Candidate> failed to sendRequestVote to 2 at term 3
2021/03/21 10:03:34 [1] <Candidate> didn't get a vote from 2 at term 3
2021/03/21 10:03:35 pass: no quorum
2021/03/21 10:03:35 connect(1)
2021/03/21 10:03:36 [0] <Leader> failed to sendRequestVote to 1 at term 2
2021/03/21 10:03:36 [0] <Leader> didn't get a vote from 1 at term 2
2021/03/21 10:03:36 [0] <Leader> failed to establish its authority to 1 at term 2
2021/03/21 10:03:39 [2] <Candidate> failed to sendRequestVote to 0 at term 3
2021/03/21 10:03:39 [2] <Candidate> didn't get a vote from 0 at term 3
2021/03/21 10:03:39 [2] <Candidate> finished: 3
2021/03/21 10:03:39 [2] <Candidate> lose the election at term 3, state -> Follower
2021/03/21 10:03:39 [2] <Candidate> start election at term -4-
2021/03/21 10:03:39 [2] <Candidate> send Request Vote to 1 at term 4
2021/03/21 10:03:39 [2] <Candidate> send Request Vote to 0 at term 4
2021/03/21 10:03:39 [1] <Candidate> RequestVote at term 3
2021/03/21 10:03:39 [1] <Candidate> RequestVote term -> 4 state->Follower
2021/03/21 10:03:39 [1] <Follower> RequestVote vote for 2 at term 4
2021/03/21 10:03:39 [2] <Candidate> got vote 1 -> 2 at term 4
2021/03/21 10:03:39 [2] <Candidate> finished: 2
2021/03/21 10:03:39 [2] <Candidate> got 2 votes and became Leader at term 4
2021/03/21 10:03:39 [2] <Leader> establish its authority to 1 at term 4
2021/03/21 10:03:39 [2] <Leader> establish its authority to 0 at term 4
2021/03/21 10:03:39 pass:  a quorum arises
2021/03/21 10:03:39 connect(0)
2021/03/21 10:03:39 [1] <Follower> failed to sendRequestVote to 0 at term 3
2021/03/21 10:03:39 [1] <Follower> didn't get a vote from 0 at term 3
2021/03/21 10:03:39 [1] <Follower> finished: 3
2021/03/21 10:03:39 [0] <Leader> AppendEntries term -> 4
2021/03/21 10:03:39 [0] <Leader> AppendEntries state -> Follower
2021/03/21 10:03:39 [1] <Follower> AppendEntries from old leader at term 4
2021/03/21 10:03:39 [2] <Leader> AppendEntries from old leader at term 4
  ... Passed --   8.4  3  176   12692    0
PASS
ok  	_/Users/cage/workspace/My6.824/src/raft	11.516s
