2021/03/21 10:04:04 disconnect(0)
2021/03/21 10:04:04 disconnect(1)
2021/03/21 10:04:04 disconnect(2)
2021/03/21 10:04:04 connect(0)
2021/03/21 10:04:04 connect(1)
2021/03/21 10:04:04 connect(2)
Test (2A): initial election ...
2021/03/21 10:04:04 [0] <Candidate> start election at term -1-
2021/03/21 10:04:04 [0] <Candidate> send Request Vote to 2 at term 1
2021/03/21 10:04:04 [0] <Candidate> send Request Vote to 1 at term 1
2021/03/21 10:04:04 [1] <Follower> RequestVote at term 0
2021/03/21 10:04:04 [1] <Follower> RequestVote term -> 1 state->Follower
2021/03/21 10:04:04 [1] <Follower> RequestVote vote for 0 at term 1
2021/03/21 10:04:04 [2] <Follower> RequestVote at term 0
2021/03/21 10:04:04 [2] <Follower> RequestVote term -> 1 state->Follower
2021/03/21 10:04:04 [2] <Follower> RequestVote vote for 0 at term 1
2021/03/21 10:04:04 [0] <Candidate> got vote 1 -> 0 at term 1
2021/03/21 10:04:04 [0] <Candidate> got vote 2 -> 0 at term 1
2021/03/21 10:04:04 [0] <Candidate> finished: 3
2021/03/21 10:04:04 [0] <Candidate> got 3 votes and became Leader at term 1
2021/03/21 10:04:04 [0] <Leader> establish its authority to 2 at term 1
2021/03/21 10:04:04 [0] <Leader> establish its authority to 1 at term 1
  ... Passed --   3.1  3   54    6594    0
2021/03/21 10:04:07 disconnect(0)
2021/03/21 10:04:07 disconnect(1)
2021/03/21 10:04:07 disconnect(2)
2021/03/21 10:04:07 connect(0)
2021/03/21 10:04:07 connect(1)
2021/03/21 10:04:07 connect(2)
Test (2A): election after network failure
 ...
2021/03/21 10:04:07 [2] <Candidate> start election at term -1-
2021/03/21 10:04:07 [2] <Candidate> send Request Vote to 1 at term 1
2021/03/21 10:04:07 [2] <Candidate> send Request Vote to 0 at term 1
2021/03/21 10:04:07 [1] <Follower> RequestVote at term 0
2021/03/21 10:04:07 [1] <Follower> RequestVote term -> 1 state->Follower
2021/03/21 10:04:07 [0] <Follower> RequestVote at term 0
2021/03/21 10:04:07 [0] <Follower> RequestVote term -> 1 state->Follower
2021/03/21 10:04:07 [0] <Follower> RequestVote vote for 2 at term 1
2021/03/21 10:04:07 [1] <Follower> RequestVote vote for 2 at term 1
2021/03/21 10:04:07 [2] <Candidate> got vote 0 -> 2 at term 1
2021/03/21 10:04:07 [2] <Candidate> finished: 2
2021/03/21 10:04:07 [2] <Candidate> got 2 votes and became Leader at term 1
2021/03/21 10:04:07 [2] <Leader> got vote 1 -> 2 at term 1
2021/03/21 10:04:07 [2] <Leader> establish its authority to 1 at term 1
2021/03/21 10:04:07 [2] <Leader> establish its authority to 0 at term 1
2021/03/21 10:04:07 disconnect(2)
2021/03/21 10:04:08 [0] <Candidate> start election at term -2-
2021/03/21 10:04:08 [0] <Candidate> send Request Vote to 2 at term 2
2021/03/21 10:04:08 [0] <Candidate> send Request Vote to 1 at term 2
2021/03/21 10:04:08 [1] <Follower> RequestVote at term 1
2021/03/21 10:04:08 [1] <Follower> RequestVote term -> 2 state->Follower
2021/03/21 10:04:08 [1] <Follower> RequestVote vote for 0 at term 2
2021/03/21 10:04:08 [0] <Candidate> got vote 1 -> 0 at term 2
2021/03/21 10:04:08 [0] <Candidate> finished: 2
2021/03/21 10:04:08 [0] <Candidate> got 2 votes and became Leader at term 2
2021/03/21 10:04:08 [0] <Leader> establish its authority to 2 at term 2
2021/03/21 10:04:08 [0] <Leader> establish its authority to 1 at term 2
2021/03/21 10:04:08 pass: leader disconnects
2021/03/21 10:04:08 connect(2)
2021/03/21 10:04:08 [2] <Leader> AppendEntries term -> 2
2021/03/21 10:04:08 [2] <Leader> AppendEntries state -> Follower
2021/03/21 10:04:09 pass: old leader rejoins
2021/03/21 10:04:09 disconnect(0)
2021/03/21 10:04:09 disconnect(1)
2021/03/21 10:04:09 [1] <Candidate> start election at term -3-
2021/03/21 10:04:09 [1] <Candidate> send Request Vote to 2 at term 3
2021/03/21 10:04:09 [1] <Candidate> send Request Vote to 0 at term 3
2021/03/21 10:04:09 [2] <Candidate> start election at term -3-
2021/03/21 10:04:09 [2] <Candidate> send Request Vote to 1 at term 3
2021/03/21 10:04:09 [2] <Candidate> send Request Vote to 0 at term 3
2021/03/21 10:04:11 pass: no quorum
2021/03/21 10:04:11 connect(1)
2021/03/21 10:04:11 [0] <Leader> failed to sendRequestVote to 2 at term 2
2021/03/21 10:04:11 [0] <Leader> didn't get a vote from 2 at term 2
2021/03/21 10:04:11 [1] <Candidate> failed to sendRequestVote to 2 at term 3
2021/03/21 10:04:11 [1] <Candidate> didn't get a vote from 2 at term 3
2021/03/21 10:04:12 [0] <Leader> failed to establish its authority to 2 at term 2
2021/03/21 10:04:12 [1] <Candidate> failed to sendRequestVote to 0 at term 3
2021/03/21 10:04:12 [1] <Candidate> didn't get a vote from 0 at term 3
2021/03/21 10:04:12 [1] <Candidate> finished: 3
2021/03/21 10:04:12 [1] <Candidate> lose the election at term 3, state -> Follower
2021/03/21 10:04:12 [1] <Candidate> start election at term -4-
2021/03/21 10:04:12 [1] <Candidate> send Request Vote to 2 at term 4
2021/03/21 10:04:12 [1] <Candidate> send Request Vote to 0 at term 4
2021/03/21 10:04:12 [2] <Candidate> RequestVote at term 3
2021/03/21 10:04:12 [2] <Candidate> RequestVote term -> 4 state->Follower
2021/03/21 10:04:12 [2] <Follower> RequestVote vote for 1 at term 4
2021/03/21 10:04:12 [1] <Candidate> got vote 2 -> 1 at term 4
2021/03/21 10:04:12 [1] <Candidate> finished: 2
2021/03/21 10:04:12 [1] <Candidate> got 2 votes and became Leader at term 4
2021/03/21 10:04:12 [1] <Leader> establish its authority to 2 at term 4
2021/03/21 10:04:12 [1] <Leader> establish its authority to 0 at term 4
2021/03/21 10:04:13 pass:  a quorum arises
2021/03/21 10:04:13 connect(0)
2021/03/21 10:04:13 [0] <Leader> AppendEntries term -> 4
2021/03/21 10:04:13 [0] <Leader> AppendEntries state -> Follower
  ... Passed --   6.1  3  128    9754    0
PASS
ok  	_/Users/cage/workspace/My6.824/src/raft	9.242s
