2021/03/21 10:04:39 disconnect(0)
2021/03/21 10:04:39 disconnect(1)
2021/03/21 10:04:39 disconnect(2)
2021/03/21 10:04:39 connect(0)
2021/03/21 10:04:39 connect(1)
2021/03/21 10:04:39 connect(2)
Test (2A): initial election ...
2021/03/21 10:04:40 [0] <Candidate> start election at term -1-
2021/03/21 10:04:40 [0] <Candidate> send Request Vote to 2 at term 1
2021/03/21 10:04:40 [0] <Candidate> send Request Vote to 1 at term 1
2021/03/21 10:04:40 [1] <Follower> RequestVote at term 0
2021/03/21 10:04:40 [1] <Follower> RequestVote term -> 1 state->Follower
2021/03/21 10:04:40 [1] <Follower> RequestVote vote for 0 at term 1
2021/03/21 10:04:40 [2] <Follower> RequestVote at term 0
2021/03/21 10:04:40 [2] <Follower> RequestVote term -> 1 state->Follower
2021/03/21 10:04:40 [2] <Follower> RequestVote vote for 0 at term 1
2021/03/21 10:04:40 [0] <Candidate> got vote 1 -> 0 at term 1
2021/03/21 10:04:40 [0] <Candidate> finished: 2
2021/03/21 10:04:40 [0] <Candidate> got 2 votes and became Leader at term 1
2021/03/21 10:04:40 [0] <Leader> got vote 2 -> 0 at term 1
2021/03/21 10:04:40 [0] <Leader> establish its authority to 2 at term 1
2021/03/21 10:04:40 [0] <Leader> establish its authority to 1 at term 1
  ... Passed --   3.1  3   54    6594    0
2021/03/21 10:04:43 disconnect(0)
2021/03/21 10:04:43 disconnect(1)
2021/03/21 10:04:43 disconnect(2)
2021/03/21 10:04:43 connect(0)
2021/03/21 10:04:43 connect(1)
2021/03/21 10:04:43 connect(2)
Test (2A): election after network failure
 ...
2021/03/21 10:04:43 [1] <Candidate> start election at term -1-
2021/03/21 10:04:43 [1] <Candidate> send Request Vote to 2 at term 1
2021/03/21 10:04:43 [1] <Candidate> send Request Vote to 0 at term 1
2021/03/21 10:04:43 [2] <Follower> RequestVote at term 0
2021/03/21 10:04:43 [2] <Follower> RequestVote term -> 1 state->Follower
2021/03/21 10:04:43 [2] <Follower> RequestVote vote for 1 at term 1
2021/03/21 10:04:43 [0] <Follower> RequestVote at term 0
2021/03/21 10:04:43 [0] <Follower> RequestVote term -> 1 state->Follower
2021/03/21 10:04:43 [0] <Follower> RequestVote vote for 1 at term 1
2021/03/21 10:04:43 [1] <Candidate> got vote 2 -> 1 at term 1
2021/03/21 10:04:43 [1] <Candidate> finished: 2
2021/03/21 10:04:43 [1] <Candidate> got 2 votes and became Leader at term 1
2021/03/21 10:04:43 [1] <Leader> establish its authority to 2 at term 1
2021/03/21 10:04:43 [1] <Leader> got vote 0 -> 1 at term 1
2021/03/21 10:04:43 [1] <Leader> establish its authority to 0 at term 1
2021/03/21 10:04:43 disconnect(1)
2021/03/21 10:04:44 [2] <Candidate> start election at term -2-
2021/03/21 10:04:44 [0] <Candidate> start election at term -2-
2021/03/21 10:04:44 [2] <Candidate> send Request Vote to 1 at term 2
2021/03/21 10:04:44 [2] <Candidate> send Request Vote to 0 at term 2
2021/03/21 10:04:44 [0] <Candidate> send Request Vote to 2 at term 2
2021/03/21 10:04:44 [0] <Candidate> send Request Vote to 1 at term 2
2021/03/21 10:04:44 [0] <Candidate> RequestVote at term 2
2021/03/21 10:04:44 [0] <Candidate> RequestVote already vote for 0 at term 2
2021/03/21 10:04:44 [2] <Candidate> RequestVote at term 2
2021/03/21 10:04:44 [2] <Candidate> RequestVote already vote for 2 at term 2
2021/03/21 10:04:44 [0] <Candidate> didn't get a vote from 2 at term 2
2021/03/21 10:04:44 [2] <Candidate> didn't get a vote from 0 at term 2
--- FAIL: TestReElection2A (5.54s)
    config.go:330: expected one leader, got none
FAIL
exit status 1
FAIL	_/Users/cage/workspace/My6.824/src/raft	8.705s
