2021/03/21 09:57:31 disconnect(0)
2021/03/21 09:57:31 disconnect(1)
2021/03/21 09:57:31 disconnect(2)
2021/03/21 09:57:31 connect(0)
2021/03/21 09:57:31 connect(1)
2021/03/21 09:57:31 connect(2)
Test (2A): initial election ...
2021/03/21 09:57:31 [1] <Candidate> start election at term -1-
2021/03/21 09:57:31 [1] <Candidate> send Request Vote to 2 at term 1
2021/03/21 09:57:31 [1] <Candidate> send Request Vote to 0 at term 1
2021/03/21 09:57:31 [2] <Follower> RequestVote at term 0
2021/03/21 09:57:31 [0] <Follower> RequestVote at term 0
2021/03/21 09:57:31 [0] <Follower> RequestVote term -> 1 state->Follower
2021/03/21 09:57:31 [2] <Follower> RequestVote term -> 1 state->Follower
2021/03/21 09:57:31 [2] <Follower> RequestVote vote for 1 at term 1
2021/03/21 09:57:31 [0] <Follower> RequestVote vote for 1 at term 1
2021/03/21 09:57:31 [1] <Candidate> got vote 2 -> 1 at term 1
2021/03/21 09:57:31 [1] <Candidate> got vote 0 -> 1 at term 1
2021/03/21 09:57:31 [1] <Candidate> finished: 3
2021/03/21 09:57:31 [1] <Candidate> got 3 votes and became Leader at term 1
2021/03/21 09:57:31 [1] <Leader> establish its authority to 2 at term 1
2021/03/21 09:57:31 [1] <Leader> establish its authority to 0 at term 1
  ... Passed --   3.1  3   54    6702    0
2021/03/21 09:57:34 disconnect(0)
2021/03/21 09:57:34 disconnect(1)
2021/03/21 09:57:34 disconnect(2)
2021/03/21 09:57:34 connect(0)
2021/03/21 09:57:34 connect(1)
2021/03/21 09:57:34 connect(2)
Test (2A): election after network failure
 ...
2021/03/21 09:57:34 [2] <Candidate> start election at term -1-
2021/03/21 09:57:34 [2] <Candidate> send Request Vote to 1 at term 1
2021/03/21 09:57:34 [2] <Candidate> send Request Vote to 0 at term 1
2021/03/21 09:57:34 [1] <Follower> RequestVote at term 0
2021/03/21 09:57:34 [1] <Follower> RequestVote term -> 1 state->Follower
2021/03/21 09:57:34 [1] <Follower> RequestVote vote for 2 at term 1
2021/03/21 09:57:34 [0] <Follower> RequestVote at term 0
2021/03/21 09:57:34 [0] <Follower> RequestVote term -> 1 state->Follower
2021/03/21 09:57:34 [0] <Follower> RequestVote vote for 2 at term 1
2021/03/21 09:57:34 [2] <Candidate> got vote 1 -> 2 at term 1
2021/03/21 09:57:34 [2] <Candidate> finished: 2
2021/03/21 09:57:34 [2] <Candidate> got 2 votes and became Leader at term 1
2021/03/21 09:57:34 [2] <Leader> establish its authority to 1 at term 1
2021/03/21 09:57:34 [2] <Leader> establish its authority to 0 at term 1
2021/03/21 09:57:34 [2] <Leader> got vote 0 -> 2 at term 1
2021/03/21 09:57:34 disconnect(2)
2021/03/21 09:57:35 [1] <Candidate> start election at term -2-
2021/03/21 09:57:35 [1] <Candidate> send Request Vote to 2 at term 2
2021/03/21 09:57:35 [1] <Candidate> send Request Vote to 0 at term 2
2021/03/21 09:57:35 [0] <Follower> RequestVote at term 1
2021/03/21 09:57:35 [0] <Follower> RequestVote term -> 2 state->Follower
2021/03/21 09:57:35 [0] <Follower> RequestVote vote for 1 at term 2
2021/03/21 09:57:35 [1] <Candidate> got vote 0 -> 1 at term 2
2021/03/21 09:57:35 [1] <Candidate> finished: 2
2021/03/21 09:57:35 [1] <Candidate> got 2 votes and became Leader at term 2
2021/03/21 09:57:35 [1] <Leader> establish its authority to 2 at term 2
2021/03/21 09:57:35 [1] <Leader> establish its authority to 0 at term 2
2021/03/21 09:57:35 pass: leader disconnects
2021/03/21 09:57:35 connect(2)
2021/03/21 09:57:35 [2] <Leader> AppendEntries term -> 2
2021/03/21 09:57:35 [2] <Leader> AppendEntries state -> Follower
2021/03/21 09:57:35 pass: old leader rejoins
2021/03/21 09:57:35 disconnect(1)
2021/03/21 09:57:35 disconnect(2)
2021/03/21 09:57:35 [1] <Leader> failed to establish its authority to 2 at term 2
2021/03/21 09:57:35 [2] <Candidate> start election at term -3-
2021/03/21 09:57:35 [2] <Candidate> send Request Vote to 1 at term 3
2021/03/21 09:57:35 [2] <Candidate> send Request Vote to 0 at term 3
2021/03/21 09:57:36 [0] <Candidate> start election at term -3-
2021/03/21 09:57:36 [0] <Candidate> send Request Vote to 2 at term 3
2021/03/21 09:57:36 [0] <Candidate> send Request Vote to 1 at term 3
2021/03/21 09:57:36 [0] <Candidate> failed to sendRequestVote to 1 at term 3
2021/03/21 09:57:36 [0] <Candidate> didn't get a vote from 1 at term 3
2021/03/21 09:57:37 pass: no quorum
2021/03/21 09:57:37 connect(2)
2021/03/21 09:57:38 [0] <Candidate> failed to sendRequestVote to 2 at term 3
2021/03/21 09:57:38 [0] <Candidate> didn't get a vote from 2 at term 3
2021/03/21 09:57:38 [0] <Candidate> finished: 3
2021/03/21 09:57:38 [0] <Candidate> lose the election at term 3, state -> Follower
2021/03/21 09:57:38 [0] <Candidate> start election at term -4-
2021/03/21 09:57:38 [0] <Candidate> send Request Vote to 2 at term 4
2021/03/21 09:57:38 [0] <Candidate> send Request Vote to 1 at term 4
2021/03/21 09:57:38 [2] <Candidate> RequestVote at term 3
2021/03/21 09:57:38 [2] <Candidate> RequestVote term -> 4 state->Follower
2021/03/21 09:57:38 [2] <Follower> RequestVote vote for 0 at term 4
2021/03/21 09:57:38 [0] <Candidate> got vote 2 -> 0 at term 4
2021/03/21 09:57:38 [0] <Candidate> finished: 2
2021/03/21 09:57:38 [0] <Candidate> got 2 votes and became Leader at term 4
2021/03/21 09:57:38 [0] <Leader> establish its authority to 2 at term 4
2021/03/21 09:57:38 [0] <Leader> establish its authority to 1 at term 4
2021/03/21 09:57:38 pass:  a quorum arises
2021/03/21 09:57:38 connect(1)
2021/03/21 09:57:38 [1] <Leader> AppendEntries term -> 4
2021/03/21 09:57:38 [1] <Leader> AppendEntries state -> Follower
  ... Passed --   4.9  3  108    8592    0
PASS
ok  	_/Users/cage/workspace/My6.824/src/raft	8.236s
