2021/03/21 09:57:39 disconnect(0)
2021/03/21 09:57:39 disconnect(1)
2021/03/21 09:57:39 disconnect(2)
2021/03/21 09:57:39 connect(0)
2021/03/21 09:57:39 connect(1)
2021/03/21 09:57:39 connect(2)
Test (2A): initial election ...
2021/03/21 09:57:39 [2] <Candidate> start election at term -1-
2021/03/21 09:57:39 [2] <Candidate> send Request Vote to 1 at term 1
2021/03/21 09:57:39 [2] <Candidate> send Request Vote to 0 at term 1
2021/03/21 09:57:39 [1] <Follower> RequestVote at term 0
2021/03/21 09:57:39 [1] <Follower> RequestVote term -> 1 state->Follower
2021/03/21 09:57:39 [0] <Follower> RequestVote at term 0
2021/03/21 09:57:39 [0] <Follower> RequestVote term -> 1 state->Follower
2021/03/21 09:57:39 [0] <Follower> RequestVote vote for 2 at term 1
2021/03/21 09:57:39 [1] <Follower> RequestVote vote for 2 at term 1
2021/03/21 09:57:39 [2] <Candidate> got vote 0 -> 2 at term 1
2021/03/21 09:57:39 [2] <Candidate> finished: 2
2021/03/21 09:57:39 [2] <Candidate> got 2 votes and became Leader at term 1
2021/03/21 09:57:39 [2] <Leader> got vote 1 -> 2 at term 1
2021/03/21 09:57:39 [2] <Leader> establish its authority to 0 at term 1
2021/03/21 09:57:39 [2] <Leader> establish its authority to 1 at term 1
  ... Passed --   3.0  3   54    6702    0
2021/03/21 09:57:42 disconnect(0)
2021/03/21 09:57:42 disconnect(1)
2021/03/21 09:57:42 disconnect(2)
2021/03/21 09:57:42 connect(0)
2021/03/21 09:57:42 connect(1)
2021/03/21 09:57:42 connect(2)
Test (2A): election after network failure
 ...
2021/03/21 09:57:42 [2] <Candidate> start election at term -1-
2021/03/21 09:57:42 [2] <Candidate> send Request Vote to 1 at term 1
2021/03/21 09:57:42 [2] <Candidate> send Request Vote to 0 at term 1
2021/03/21 09:57:42 [1] <Follower> RequestVote at term 0
2021/03/21 09:57:42 [1] <Follower> RequestVote term -> 1 state->Follower
2021/03/21 09:57:42 [1] <Follower> RequestVote vote for 2 at term 1
2021/03/21 09:57:42 [0] <Follower> RequestVote at term 0
2021/03/21 09:57:42 [0] <Follower> RequestVote term -> 1 state->Follower
2021/03/21 09:57:42 [0] <Follower> RequestVote vote for 2 at term 1
2021/03/21 09:57:42 [2] <Candidate> got vote 1 -> 2 at term 1
2021/03/21 09:57:42 [2] <Candidate> finished: 2
2021/03/21 09:57:42 [2] <Candidate> got 2 votes and became Leader at term 1
2021/03/21 09:57:42 [2] <Leader> establish its authority to 1 at term 1
2021/03/21 09:57:42 [2] <Leader> got vote 0 -> 2 at term 1
2021/03/21 09:57:42 [2] <Leader> establish its authority to 0 at term 1
2021/03/21 09:57:43 disconnect(2)
2021/03/21 09:57:43 [1] <Candidate> start election at term -2-
2021/03/21 09:57:43 [1] <Candidate> send Request Vote to 2 at term 2
2021/03/21 09:57:43 [1] <Candidate> send Request Vote to 0 at term 2
2021/03/21 09:57:43 [0] <Follower> RequestVote at term 1
2021/03/21 09:57:43 [0] <Follower> RequestVote term -> 2 state->Follower
2021/03/21 09:57:43 [0] <Follower> RequestVote vote for 1 at term 2
2021/03/21 09:57:43 [1] <Candidate> got vote 0 -> 1 at term 2
2021/03/21 09:57:43 [1] <Candidate> finished: 2
2021/03/21 09:57:43 [1] <Candidate> got 2 votes and became Leader at term 2
2021/03/21 09:57:43 [1] <Leader> establish its authority to 2 at term 2
2021/03/21 09:57:43 [1] <Leader> establish its authority to 0 at term 2
2021/03/21 09:57:43 pass: leader disconnects
2021/03/21 09:57:43 connect(2)
2021/03/21 09:57:43 [2] <Leader> AppendEntries term -> 2
2021/03/21 09:57:43 [2] <Leader> AppendEntries state -> Follower
2021/03/21 09:57:44 pass: old leader rejoins
2021/03/21 09:57:44 disconnect(1)
2021/03/21 09:57:44 disconnect(2)
2021/03/21 09:57:44 [0] <Candidate> start election at term -3-
2021/03/21 09:57:44 [0] <Candidate> send Request Vote to 2 at term 3
2021/03/21 09:57:44 [0] <Candidate> send Request Vote to 1 at term 3
2021/03/21 09:57:44 [2] <Candidate> start election at term -3-
2021/03/21 09:57:44 [2] <Candidate> send Request Vote to 1 at term 3
2021/03/21 09:57:44 [2] <Candidate> send Request Vote to 0 at term 3
2021/03/21 09:57:45 [1] <Leader> failed to sendRequestVote to 2 at term 2
2021/03/21 09:57:45 [1] <Leader> didn't get a vote from 2 at term 2
2021/03/21 09:57:46 pass: no quorum
2021/03/21 09:57:46 connect(2)
2021/03/21 09:57:47 [2] <Candidate> failed to sendRequestVote to 1 at term 3
2021/03/21 09:57:47 [2] <Candidate> didn't get a vote from 1 at term 3
2021/03/21 09:57:47 [1] <Leader> failed to establish its authority to 2 at term 2
2021/03/21 09:57:48 [0] <Candidate> failed to sendRequestVote to 2 at term 3
2021/03/21 09:57:48 [0] <Candidate> didn't get a vote from 2 at term 3
2021/03/21 09:57:50 [0] <Candidate> failed to sendRequestVote to 1 at term 3
2021/03/21 09:57:50 [0] <Candidate> didn't get a vote from 1 at term 3
2021/03/21 09:57:50 [0] <Candidate> finished: 3
2021/03/21 09:57:50 [0] <Candidate> lose the election at term 3, state -> Follower
2021/03/21 09:57:50 [0] <Candidate> start election at term -4-
2021/03/21 09:57:50 [0] <Candidate> send Request Vote to 2 at term 4
2021/03/21 09:57:50 [0] <Candidate> send Request Vote to 1 at term 4
2021/03/21 09:57:50 [2] <Candidate> RequestVote at term 3
2021/03/21 09:57:50 [2] <Candidate> RequestVote term -> 4 state->Follower
2021/03/21 09:57:50 [2] <Follower> RequestVote vote for 0 at term 4
2021/03/21 09:57:50 [0] <Candidate> got vote 2 -> 0 at term 4
2021/03/21 09:57:50 [0] <Candidate> finished: 2
2021/03/21 09:57:50 [0] <Candidate> got 2 votes and became Leader at term 4
2021/03/21 09:57:50 [0] <Leader> establish its authority to 2 at term 4
2021/03/21 09:57:50 [0] <Leader> establish its authority to 1 at term 4
2021/03/21 09:57:51 [2] <Follower> failed to sendRequestVote to 0 at term 3
2021/03/21 09:57:51 [2] <Follower> didn't get a vote from 0 at term 3
2021/03/21 09:57:51 [2] <Follower> finished: 3
2021/03/21 09:57:51 pass:  a quorum arises
2021/03/21 09:57:51 connect(1)
2021/03/21 09:57:51 [1] <Leader> AppendEntries term -> 4
2021/03/21 09:57:51 [1] <Leader> AppendEntries state -> Follower
  ... Passed --   8.9  3  184   13374    0
PASS
ok  	_/Users/cage/workspace/My6.824/src/raft	12.182s
