2021/03/21 09:58:03 disconnect(0)
2021/03/21 09:58:03 disconnect(1)
2021/03/21 09:58:03 disconnect(2)
2021/03/21 09:58:03 connect(0)
2021/03/21 09:58:03 connect(1)
2021/03/21 09:58:03 connect(2)
Test (2A): initial election ...
2021/03/21 09:58:03 [1] <Candidate> start election at term -1-
2021/03/21 09:58:03 [1] <Candidate> send Request Vote to 2 at term 1
2021/03/21 09:58:03 [2] <Candidate> start election at term -1-
2021/03/21 09:58:03 [2] <Candidate> send Request Vote to 0 at term 1
2021/03/21 09:58:03 [2] <Candidate> send Request Vote to 1 at term 1
2021/03/21 09:58:03 [1] <Candidate> send Request Vote to 0 at term 1
2021/03/21 09:58:03 [0] <Follower> RequestVote at term 0
2021/03/21 09:58:03 [0] <Follower> RequestVote term -> 1 state->Follower
2021/03/21 09:58:03 [0] <Follower> RequestVote vote for 2 at term 1
2021/03/21 09:58:03 [2] <Candidate> RequestVote at term 1
2021/03/21 09:58:03 [2] <Candidate> RequestVote already vote for 2 at term 1
2021/03/21 09:58:03 [0] <Follower> RequestVote at term 1
2021/03/21 09:58:03 [0] <Follower> RequestVote already vote for 2 at term 1
2021/03/21 09:58:03 [1] <Candidate> RequestVote at term 1
2021/03/21 09:58:03 [1] <Candidate> RequestVote already vote for 1 at term 1
2021/03/21 09:58:03 [2] <Candidate> got vote 0 -> 2 at term 1
2021/03/21 09:58:03 [1] <Candidate> didn't get a vote from 2 at term 1
2021/03/21 09:58:03 [1] <Candidate> didn't get a vote from 0 at term 1
2021/03/21 09:58:03 [2] <Candidate> finished: 2
2021/03/21 09:58:03 [2] <Candidate> got 2 votes and became Leader at term 1
2021/03/21 09:58:03 [1] <Candidate> finished: 3
2021/03/21 09:58:03 [1] <Candidate> lose the election at term 1, state -> Follower
2021/03/21 09:58:03 [2] <Leader> establish its authority to 0 at term 1
2021/03/21 09:58:03 [2] <Leader> didn't get a vote from 1 at term 1
2021/03/21 09:58:03 [2] <Leader> establish its authority to 1 at term 1
  ... Passed --   3.0  3   54    6702    0
2021/03/21 09:58:06 disconnect(0)
2021/03/21 09:58:06 disconnect(1)
2021/03/21 09:58:06 disconnect(2)
2021/03/21 09:58:06 connect(0)
2021/03/21 09:58:06 connect(1)
2021/03/21 09:58:06 connect(2)
Test (2A): election after network failure
 ...
2021/03/21 09:58:06 [1] <Candidate> start election at term -1-
2021/03/21 09:58:06 [1] <Candidate> send Request Vote to 2 at term 1
2021/03/21 09:58:06 [1] <Candidate> send Request Vote to 0 at term 1
2021/03/21 09:58:06 [2] <Follower> RequestVote at term 0
2021/03/21 09:58:06 [2] <Follower> RequestVote term -> 1 state->Follower
2021/03/21 09:58:06 [2] <Follower> RequestVote vote for 1 at term 1
2021/03/21 09:58:06 [0] <Follower> RequestVote at term 0
2021/03/21 09:58:06 [0] <Follower> RequestVote term -> 1 state->Follower
2021/03/21 09:58:06 [0] <Follower> RequestVote vote for 1 at term 1
2021/03/21 09:58:06 [1] <Candidate> got vote 2 -> 1 at term 1
2021/03/21 09:58:06 [1] <Candidate> finished: 2
2021/03/21 09:58:06 [1] <Candidate> got 2 votes and became Leader at term 1
2021/03/21 09:58:06 [1] <Leader> got vote 0 -> 1 at term 1
2021/03/21 09:58:06 [1] <Leader> establish its authority to 2 at term 1
2021/03/21 09:58:06 [1] <Leader> establish its authority to 0 at term 1
2021/03/21 09:58:07 disconnect(1)
2021/03/21 09:58:07 [2] <Candidate> start election at term -2-
2021/03/21 09:58:07 [2] <Candidate> send Request Vote to 1 at term 2
2021/03/21 09:58:07 [2] <Candidate> send Request Vote to 0 at term 2
2021/03/21 09:58:07 [0] <Follower> RequestVote at term 1
2021/03/21 09:58:07 [0] <Follower> RequestVote term -> 2 state->Follower
2021/03/21 09:58:07 [0] <Follower> RequestVote vote for 2 at term 2
2021/03/21 09:58:07 [2] <Candidate> got vote 0 -> 2 at term 2
2021/03/21 09:58:07 [2] <Candidate> finished: 2
2021/03/21 09:58:07 [2] <Candidate> got 2 votes and became Leader at term 2
2021/03/21 09:58:07 [2] <Leader> establish its authority to 1 at term 2
2021/03/21 09:58:07 [2] <Leader> establish its authority to 0 at term 2
2021/03/21 09:58:07 pass: leader disconnects
2021/03/21 09:58:07 connect(1)
2021/03/21 09:58:07 [0] <Follower> AppendEntries from old leader at term 2
2021/03/21 09:58:07 [2] <Leader> AppendEntries from old leader at term 2
2021/03/21 09:58:07 [1] <Leader> callAppendEntries to 0, old leader, term -> 2, state -> Follower
2021/03/21 09:58:07 [1] <Candidate> start election at term -3-
2021/03/21 09:58:07 [1] <Candidate> send Request Vote to 2 at term 3
2021/03/21 09:58:07 [1] <Candidate> send Request Vote to 0 at term 3
2021/03/21 09:58:07 [2] <Leader> RequestVote at term 2
2021/03/21 09:58:07 [2] <Leader> RequestVote term -> 3 state->Follower
2021/03/21 09:58:07 [2] <Follower> RequestVote vote for 1 at term 3
2021/03/21 09:58:07 [0] <Follower> RequestVote at term 2
2021/03/21 09:58:07 [0] <Follower> RequestVote term -> 3 state->Follower
2021/03/21 09:58:07 [0] <Follower> RequestVote vote for 1 at term 3
2021/03/21 09:58:07 [1] <Candidate> got vote 2 -> 1 at term 3
2021/03/21 09:58:07 [1] <Candidate> finished: 2
2021/03/21 09:58:07 [1] <Candidate> got 2 votes and became Leader at term 3
2021/03/21 09:58:07 [1] <Leader> got vote 0 -> 1 at term 3
2021/03/21 09:58:07 [1] <Leader> establish its authority to 2 at term 3
2021/03/21 09:58:07 [1] <Leader> establish its authority to 0 at term 3
2021/03/21 09:58:07 pass: old leader rejoins
2021/03/21 09:58:07 disconnect(1)
2021/03/21 09:58:07 disconnect(2)
2021/03/21 09:58:08 [2] <Candidate> start election at term -4-
2021/03/21 09:58:08 [2] <Candidate> send Request Vote to 1 at term 4
2021/03/21 09:58:08 [2] <Candidate> send Request Vote to 0 at term 4
2021/03/21 09:58:08 [0] <Candidate> start election at term -4-
2021/03/21 09:58:08 [0] <Candidate> send Request Vote to 2 at term 4
2021/03/21 09:58:08 [0] <Candidate> send Request Vote to 1 at term 4
2021/03/21 09:58:09 [2] <Candidate> failed to establish its authority to 1 at term 2
2021/03/21 09:58:09 pass: no quorum
2021/03/21 09:58:09 connect(2)
2021/03/21 09:58:10 [0] <Candidate> failed to sendRequestVote to 1 at term 4
2021/03/21 09:58:10 [0] <Candidate> didn't get a vote from 1 at term 4
2021/03/21 09:58:12 [2] <Candidate> failed to sendRequestVote to 0 at term 4
2021/03/21 09:58:12 [2] <Candidate> didn't get a vote from 0 at term 4
2021/03/21 09:58:12 [0] <Candidate> failed to sendRequestVote to 2 at term 4
2021/03/21 09:58:12 [0] <Candidate> didn't get a vote from 2 at term 4
2021/03/21 09:58:12 [0] <Candidate> finished: 3
2021/03/21 09:58:12 [0] <Candidate> lose the election at term 4, state -> Follower
2021/03/21 09:58:12 [0] <Candidate> start election at term -5-
2021/03/21 09:58:12 [0] <Candidate> send Request Vote to 2 at term 5
2021/03/21 09:58:12 [0] <Candidate> send Request Vote to 1 at term 5
2021/03/21 09:58:12 [2] <Candidate> RequestVote at term 4
2021/03/21 09:58:12 [2] <Candidate> RequestVote term -> 5 state->Follower
2021/03/21 09:58:12 [2] <Follower> RequestVote vote for 0 at term 5
2021/03/21 09:58:12 [0] <Candidate> got vote 2 -> 0 at term 5
2021/03/21 09:58:12 [0] <Candidate> finished: 2
2021/03/21 09:58:12 [0] <Candidate> got 2 votes and became Leader at term 5
2021/03/21 09:58:12 [0] <Leader> establish its authority to 2 at term 5
2021/03/21 09:58:12 [0] <Leader> establish its authority to 1 at term 5
2021/03/21 09:58:12 pass:  a quorum arises
2021/03/21 09:58:12 connect(1)
2021/03/21 09:58:12 [1] <Leader> AppendEntries term -> 5
2021/03/21 09:58:12 [1] <Leader> AppendEntries state -> Follower
  ... Passed --   7.0  3  152   11756    0
PASS
ok  	_/Users/cage/workspace/My6.824/src/raft	10.181s
